[ 2015-07-25T11:54:32+08:00 ] 127.0.0.1 /jianzhi/
INFO: [ app_begin ] --START--
INFO: Run ReadHtmlCache Behavior [ RunTime:0.000772s ]
INFO: [ app_begin ] --END-- [ RunTime:0.000877s ]
NOTIC: [8] Use of undefined constant boss_username - assumed 'boss_username' D:\wamp\www\jianzhishidai\jianzhi\App\Lib\Action\HeaderAction.class.php 第 10 行.
NOTIC: [8] Undefined index: boss_username D:\wamp\www\jianzhishidai\jianzhi\App\Lib\Action\HeaderAction.class.php 第 10 行.
NOTIC: [8] Use of undefined constant stu_username - assumed 'stu_username' D:\wamp\www\jianzhishidai\jianzhi\App\Lib\Action\HeaderAction.class.php 第 20 行.
NOTIC: [8] Undefined index: stu_username D:\wamp\www\jianzhishidai\jianzhi\App\Lib\Action\HeaderAction.class.php 第 20 行.
SQL: SHOW COLUMNS FROM `jz_post` [ RunTime:0.007367s ]
NOTIC: [8] Undefined variable: map D:\wamp\www\jianzhishidai\jianzhi\App\Lib\Action\IndexAction.class.php 第 8 行.
SQL: SELECT COUNT(*) AS tp_count FROM `jz_post` LIMIT 1   [ RunTime:0.000920s ]
NOTIC: [8] Use of undefined constant header - assumed 'header' D:\wamp\www\jianzhishidai\jianzhi\App\Lib\Action\IndexAction.class.php 第 10 行.
NOTIC: [8] Undefined variable: map D:\wamp\www\jianzhishidai\jianzhi\App\Lib\Action\IndexAction.class.php 第 16 行.
SQL: SELECT * FROM `jz_post` ORDER BY time desc LIMIT 0,10   [ RunTime:0.000533s ]
INFO: [ view_template ] --START--
INFO: Run LocationTemplate Behavior [ RunTime:0.000710s ]
INFO: [ view_template ] --END-- [ RunTime:0.000766s ]
INFO: [ view_parse ] --START--
INFO: Run ParseTemplate Behavior [ RunTime:0.013922s ]
INFO: [ view_parse ] --END-- [ RunTime:0.013986s ]
INFO: [ view_filter ] --START--
INFO: Run ContentReplace Behavior [ RunTime:0.000702s ]
INFO: Run TokenBuild Behavior [ RunTime:0.000449s ]
INFO: Run WriteHtmlCache Behavior [ RunTime:0.000295s ]
INFO: Run ShowRuntime Behavior [ RunTime:0.000518s ]
INFO: [ view_filter ] --END-- [ RunTime:0.002102s ]
INFO: [ view_end ] --START--
INFO: Run ShowPageTrace Behavior [ RunTime:0.000551s ]
INFO: [ view_end ] --END-- [ RunTime:0.000596s ]

[ 2015-07-25T12:00:34+08:00 ] 127.0.0.1 /jianzhi/
INFO: [ app_begin ] --START--
INFO: Run ReadHtmlCache Behavior [ RunTime:0.000672s ]
INFO: [ app_begin ] --END-- [ RunTime:0.000763s ]
NOTIC: [8] Use of undefined constant boss_username - assumed 'boss_username' D:\wamp\www\jianzhishidai\jianzhi\App\Lib\Action\HeaderAction.class.php 第 10 行.
NOTIC: [8] Undefined index: boss_username D:\wamp\www\jianzhishidai\jianzhi\App\Lib\Action\HeaderAction.class.php 第 10 行.
NOTIC: [8] Use of undefined constant stu_username - assumed 'stu_username' D:\wamp\www\jianzhishidai\jianzhi\App\Lib\Action\HeaderAction.class.php 第 20 行.
NOTIC: [8] Undefined index: stu_username D:\wamp\www\jianzhishidai\jianzhi\App\Lib\Action\HeaderAction.class.php 第 20 行.
SQL: SHOW COLUMNS FROM `jz_post` [ RunTime:0.002904s ]
NOTIC: [8] Undefined variable: map D:\wamp\www\jianzhishidai\jianzhi\App\Lib\Action\IndexAction.class.php 第 8 行.
SQL: SELECT COUNT(*) AS tp_count FROM `jz_post` LIMIT 1   [ RunTime:0.000492s ]
NOTIC: [8] Use of undefined constant header - assumed 'header' D:\wamp\www\jianzhishidai\jianzhi\App\Lib\Action\IndexAction.class.php 第 10 行.
NOTIC: [8] Undefined variable: map D:\wamp\www\jianzhishidai\jianzhi\App\Lib\Action\IndexAction.class.php 第 16 行.
SQL: SELECT * FROM `jz_post` ORDER BY time desc LIMIT 0,10   [ RunTime:0.000720s ]
INFO: [ view_template ] --START--
INFO: Run LocationTemplate Behavior [ RunTime:0.000745s ]
INFO: [ view_template ] --END-- [ RunTime:0.000805s ]
INFO: [ view_parse ] --START--
NOTIC: [8] Undefined variable: count D:\wamp\www\jianzhishidai\jianzhi\App\Runtime\Cache\f331a3f0d874c4248458495ef2c2c2d1.php 第 135 行.
INFO: Run ParseTemplate Behavior [ RunTime:0.014478s ]
INFO: [ view_parse ] --END-- [ RunTime:0.014538s ]
INFO: [ view_filter ] --START--
INFO: Run ContentReplace Behavior [ RunTime:0.000751s ]
INFO: Run TokenBuild Behavior [ RunTime:0.000456s ]
INFO: Run WriteHtmlCache Behavior [ RunTime:0.000329s ]
INFO: Run ShowRuntime Behavior [ RunTime:0.000766s ]
INFO: [ view_filter ] --END-- [ RunTime:0.002474s ]
INFO: [ view_end ] --START--
INFO: Run ShowPageTrace Behavior [ RunTime:0.001085s ]
INFO: [ view_end ] --END-- [ RunTime:0.001172s ]

[ 2015-07-25T12:01:06+08:00 ] 127.0.0.1 /jianzhi/
INFO: [ app_begin ] --START--
INFO: Run ReadHtmlCache Behavior [ RunTime:0.000722s ]
INFO: [ app_begin ] --END-- [ RunTime:0.000817s ]
NOTIC: [8] Use of undefined constant boss_username - assumed 'boss_username' D:\wamp\www\jianzhishidai\jianzhi\App\Lib\Action\HeaderAction.class.php 第 10 行.
NOTIC: [8] Undefined index: boss_username D:\wamp\www\jianzhishidai\jianzhi\App\Lib\Action\HeaderAction.class.php 第 10 行.
NOTIC: [8] Use of undefined constant stu_username - assumed 'stu_username' D:\wamp\www\jianzhishidai\jianzhi\App\Lib\Action\HeaderAction.class.php 第 20 行.
NOTIC: [8] Undefined index: stu_username D:\wamp\www\jianzhishidai\jianzhi\App\Lib\Action\HeaderAction.class.php 第 20 行.
SQL: SHOW COLUMNS FROM `jz_post` [ RunTime:0.002406s ]
NOTIC: [8] Undefined variable: map D:\wamp\www\jianzhishidai\jianzhi\App\Lib\Action\IndexAction.class.php 第 8 行.
SQL: SELECT COUNT(*) AS tp_count FROM `jz_post` LIMIT 1   [ RunTime:0.000304s ]
NOTIC: [8] Use of undefined constant header - assumed 'header' D:\wamp\www\jianzhishidai\jianzhi\App\Lib\Action\IndexAction.class.php 第 10 行.
NOTIC: [8] Undefined variable: map D:\wamp\www\jianzhishidai\jianzhi\App\Lib\Action\IndexAction.class.php 第 16 行.
SQL: SELECT * FROM `jz_post` ORDER BY time desc LIMIT 0,10   [ RunTime:0.000468s ]
INFO: [ view_template ] --START--
INFO: Run LocationTemplate Behavior [ RunTime:0.000806s ]
INFO: [ view_template ] --END-- [ RunTime:0.000866s ]
INFO: [ view_parse ] --START--
NOTIC: [8] Undefined variable: count D:\wamp\www\jianzhishidai\jianzhi\App\Runtime\Cache\f331a3f0d874c4248458495ef2c2c2d1.php 第 135 行.
INFO: Run ParseTemplate Behavior [ RunTime:0.014289s ]
INFO: [ view_parse ] --END-- [ RunTime:0.014346s ]
INFO: [ view_filter ] --START--
INFO: Run ContentReplace Behavior [ RunTime:0.000693s ]
INFO: Run TokenBuild Behavior [ RunTime:0.000431s ]
INFO: Run WriteHtmlCache Behavior [ RunTime:0.000306s ]
INFO: Run ShowRuntime Behavior [ RunTime:0.000509s ]
INFO: [ view_filter ] --END-- [ RunTime:0.002075s ]
INFO: [ view_end ] --START--
INFO: Run ShowPageTrace Behavior [ RunTime:0.000636s ]
INFO: [ view_end ] --END-- [ RunTime:0.000692s ]

[ 2015-07-25T12:01:06+08:00 ] 127.0.0.1 /jianzhi/
INFO: [ app_begin ] --START--
INFO: Run ReadHtmlCache Behavior [ RunTime:0.000693s ]
INFO: [ app_begin ] --END-- [ RunTime:0.000787s ]
NOTIC: [8] Use of undefined constant boss_username - assumed 'boss_username' D:\wamp\www\jianzhishidai\jianzhi\App\Lib\Action\HeaderAction.class.php 第 10 行.
NOTIC: [8] Undefined index: boss_username D:\wamp\www\jianzhishidai\jianzhi\App\Lib\Action\HeaderAction.class.php 第 10 行.
NOTIC: [8] Use of undefined constant stu_username - assumed 'stu_username' D:\wamp\www\jianzhishidai\jianzhi\App\Lib\Action\HeaderAction.class.php 第 20 行.
NOTIC: [8] Undefined index: stu_username D:\wamp\www\jianzhishidai\jianzhi\App\Lib\Action\HeaderAction.class.php 第 20 行.
SQL: SHOW COLUMNS FROM `jz_post` [ RunTime:0.002500s ]
NOTIC: [8] Undefined variable: map D:\wamp\www\jianzhishidai\jianzhi\App\Lib\Action\IndexAction.class.php 第 8 行.
SQL: SELECT COUNT(*) AS tp_count FROM `jz_post` LIMIT 1   [ RunTime:0.000543s ]
NOTIC: [8] Use of undefined constant header - assumed 'header' D:\wamp\www\jianzhishidai\jianzhi\App\Lib\Action\IndexAction.class.php 第 10 行.
NOTIC: [8] Undefined variable: map D:\wamp\www\jianzhishidai\jianzhi\App\Lib\Action\IndexAction.class.php 第 16 行.
SQL: SELECT * FROM `jz_post` ORDER BY time desc LIMIT 0,10   [ RunTime:0.000531s ]
INFO: [ view_template ] --START--
INFO: Run LocationTemplate Behavior [ RunTime:0.000968s ]
INFO: [ view_template ] --END-- [ RunTime:0.001024s ]
INFO: [ view_parse ] --START--
NOTIC: [8] Undefined variable: count D:\wamp\www\jianzhishidai\jianzhi\App\Runtime\Cache\f331a3f0d874c4248458495ef2c2c2d1.php 第 135 行.
INFO: Run ParseTemplate Behavior [ RunTime:0.014580s ]
INFO: [ view_parse ] --END-- [ RunTime:0.014639s ]
INFO: [ view_filter ] --START--
INFO: Run ContentReplace Behavior [ RunTime:0.000704s ]
INFO: Run TokenBuild Behavior [ RunTime:0.000431s ]
INFO: Run WriteHtmlCache Behavior [ RunTime:0.000312s ]
INFO: Run ShowRuntime Behavior [ RunTime:0.000513s ]
INFO: [ view_filter ] --END-- [ RunTime:0.002095s ]
INFO: [ view_end ] --START--
INFO: Run ShowPageTrace Behavior [ RunTime:0.000588s ]
INFO: [ view_end ] --END-- [ RunTime:0.000636s ]

[ 2015-07-25T12:01:06+08:00 ] 127.0.0.1 /jianzhi/
INFO: [ app_begin ] --START--
INFO: Run ReadHtmlCache Behavior [ RunTime:0.000617s ]
INFO: [ app_begin ] --END-- [ RunTime:0.000689s ]
NOTIC: [8] Use of undefined constant boss_username - assumed 'boss_username' D:\wamp\www\jianzhishidai\jianzhi\App\Lib\Action\HeaderAction.class.php 第 10 行.
NOTIC: [8] Undefined index: boss_username D:\wamp\www\jianzhishidai\jianzhi\App\Lib\Action\HeaderAction.class.php 第 10 行.
NOTIC: [8] Use of undefined constant stu_username - assumed 'stu_username' D:\wamp\www\jianzhishidai\jianzhi\App\Lib\Action\HeaderAction.class.php 第 20 行.
NOTIC: [8] Undefined index: stu_username D:\wamp\www\jianzhishidai\jianzhi\App\Lib\Action\HeaderAction.class.php 第 20 行.
SQL: SHOW COLUMNS FROM `jz_post` [ RunTime:0.002540s ]
NOTIC: [8] Undefined variable: map D:\wamp\www\jianzhishidai\jianzhi\App\Lib\Action\IndexAction.class.php 第 8 行.
SQL: SELECT COUNT(*) AS tp_count FROM `jz_post` LIMIT 1   [ RunTime:0.000316s ]
NOTIC: [8] Use of undefined constant header - assumed 'header' D:\wamp\www\jianzhishidai\jianzhi\App\Lib\Action\IndexAction.class.php 第 10 行.
NOTIC: [8] Undefined variable: map D:\wamp\www\jianzhishidai\jianzhi\App\Lib\Action\IndexAction.class.php 第 16 行.
SQL: SELECT * FROM `jz_post` ORDER BY time desc LIMIT 0,10   [ RunTime:0.000462s ]
INFO: [ view_template ] --START--
INFO: Run LocationTemplate Behavior [ RunTime:0.000736s ]
INFO: [ view_template ] --END-- [ RunTime:0.000795s ]
INFO: [ view_parse ] --START--
NOTIC: [8] Undefined variable: count D:\wamp\www\jianzhishidai\jianzhi\App\Runtime\Cache\f331a3f0d874c4248458495ef2c2c2d1.php 第 135 行.
INFO: Run ParseTemplate Behavior [ RunTime:0.013494s ]
INFO: [ view_parse ] --END-- [ RunTime:0.013550s ]
INFO: [ view_filter ] --START--
INFO: Run ContentReplace Behavior [ RunTime:0.000665s ]
INFO: Run TokenBuild Behavior [ RunTime:0.000401s ]
INFO: Run WriteHtmlCache Behavior [ RunTime:0.000321s ]
INFO: Run ShowRuntime Behavior [ RunTime:0.000481s ]
INFO: [ view_filter ] --END-- [ RunTime:0.002004s ]
INFO: [ view_end ] --START--
INFO: Run ShowPageTrace Behavior [ RunTime:0.000569s ]
INFO: [ view_end ] --END-- [ RunTime:0.000615s ]

[ 2015-07-25T12:01:07+08:00 ] 127.0.0.1 /jianzhi/
INFO: [ app_begin ] --START--
INFO: Run ReadHtmlCache Behavior [ RunTime:0.000551s ]
INFO: [ app_begin ] --END-- [ RunTime:0.000637s ]
NOTIC: [8] Use of undefined constant boss_username - assumed 'boss_username' D:\wamp\www\jianzhishidai\jianzhi\App\Lib\Action\HeaderAction.class.php 第 10 行.
NOTIC: [8] Undefined index: boss_username D:\wamp\www\jianzhishidai\jianzhi\App\Lib\Action\HeaderAction.class.php 第 10 行.
NOTIC: [8] Use of undefined constant stu_username - assumed 'stu_username' D:\wamp\www\jianzhishidai\jianzhi\App\Lib\Action\HeaderAction.class.php 第 20 行.
NOTIC: [8] Undefined index: stu_username D:\wamp\www\jianzhishidai\jianzhi\App\Lib\Action\HeaderAction.class.php 第 20 行.
SQL: SHOW COLUMNS FROM `jz_post` [ RunTime:0.003614s ]
NOTIC: [8] Undefined variable: map D:\wamp\www\jianzhishidai\jianzhi\App\Lib\Action\IndexAction.class.php 第 8 行.
SQL: SELECT COUNT(*) AS tp_count FROM `jz_post` LIMIT 1   [ RunTime:0.000373s ]
NOTIC: [8] Use of undefined constant header - assumed 'header' D:\wamp\www\jianzhishidai\jianzhi\App\Lib\Action\IndexAction.class.php 第 10 行.
NOTIC: [8] Undefined variable: map D:\wamp\www\jianzhishidai\jianzhi\App\Lib\Action\IndexAction.class.php 第 16 行.
SQL: SELECT * FROM `jz_post` ORDER BY time desc LIMIT 0,10   [ RunTime:0.000578s ]
INFO: [ view_template ] --START--
INFO: Run LocationTemplate Behavior [ RunTime:0.000453s ]
INFO: [ view_template ] --END-- [ RunTime:0.000520s ]
INFO: [ view_parse ] --START--
NOTIC: [8] Undefined variable: count D:\wamp\www\jianzhishidai\jianzhi\App\Runtime\Cache\f331a3f0d874c4248458495ef2c2c2d1.php 第 135 行.
INFO: Run ParseTemplate Behavior [ RunTime:0.015093s ]
INFO: [ view_parse ] --END-- [ RunTime:0.015155s ]
INFO: [ view_filter ] --START--
INFO: Run ContentReplace Behavior [ RunTime:0.000610s ]
INFO: Run TokenBuild Behavior [ RunTime:0.000354s ]
INFO: Run WriteHtmlCache Behavior [ RunTime:0.000232s ]
INFO: Run ShowRuntime Behavior [ RunTime:0.000439s ]
INFO: [ view_filter ] --END-- [ RunTime:0.001777s ]
INFO: [ view_end ] --START--
INFO: Run ShowPageTrace Behavior [ RunTime:0.000536s ]
INFO: [ view_end ] --END-- [ RunTime:0.000588s ]

[ 2015-07-25T12:01:07+08:00 ] 127.0.0.1 /jianzhi/
INFO: [ app_begin ] --START--
INFO: Run ReadHtmlCache Behavior [ RunTime:0.000805s ]
INFO: [ app_begin ] --END-- [ RunTime:0.000928s ]
NOTIC: [8] Use of undefined constant boss_username - assumed 'boss_username' D:\wamp\www\jianzhishidai\jianzhi\App\Lib\Action\HeaderAction.class.php 第 10 行.
NOTIC: [8] Undefined index: boss_username D:\wamp\www\jianzhishidai\jianzhi\App\Lib\Action\HeaderAction.class.php 第 10 行.
NOTIC: [8] Use of undefined constant stu_username - assumed 'stu_username' D:\wamp\www\jianzhishidai\jianzhi\App\Lib\Action\HeaderAction.class.php 第 20 行.
NOTIC: [8] Undefined index: stu_username D:\wamp\www\jianzhishidai\jianzhi\App\Lib\Action\HeaderAction.class.php 第 20 行.
SQL: SHOW COLUMNS FROM `jz_post` [ RunTime:0.002614s ]
NOTIC: [8] Undefined variable: map D:\wamp\www\jianzhishidai\jianzhi\App\Lib\Action\IndexAction.class.php 第 8 行.
SQL: SELECT COUNT(*) AS tp_count FROM `jz_post` LIMIT 1   [ RunTime:0.000386s ]
NOTIC: [8] Use of undefined constant header - assumed 'header' D:\wamp\www\jianzhishidai\jianzhi\App\Lib\Action\IndexAction.class.php 第 10 行.
NOTIC: [8] Undefined variable: map D:\wamp\www\jianzhishidai\jianzhi\App\Lib\Action\IndexAction.class.php 第 16 行.
SQL: SELECT * FROM `jz_post` ORDER BY time desc LIMIT 0,10   [ RunTime:0.000513s ]
INFO: [ view_template ] --START--
INFO: Run LocationTemplate Behavior [ RunTime:0.000473s ]
INFO: [ view_template ] --END-- [ RunTime:0.000526s ]
INFO: [ view_parse ] --START--
NOTIC: [8] Undefined variable: count D:\wamp\www\jianzhishidai\jianzhi\App\Runtime\Cache\f331a3f0d874c4248458495ef2c2c2d1.php 第 135 行.
INFO: Run ParseTemplate Behavior [ RunTime:0.012798s ]
INFO: [ view_parse ] --END-- [ RunTime:0.012851s ]
INFO: [ view_filter ] --START--
INFO: Run ContentReplace Behavior [ RunTime:0.000636s ]
INFO: Run TokenBuild Behavior [ RunTime:0.000334s ]
INFO: Run WriteHtmlCache Behavior [ RunTime:0.000326s ]
INFO: Run ShowRuntime Behavior [ RunTime:0.000454s ]
INFO: [ view_filter ] --END-- [ RunTime:0.001889s ]
INFO: [ view_end ] --START--
INFO: Run ShowPageTrace Behavior [ RunTime:0.000571s ]
INFO: [ view_end ] --END-- [ RunTime:0.000619s ]

[ 2015-07-25T12:01:42+08:00 ] 127.0.0.1 /jianzhi/
INFO: [ app_begin ] --START--
INFO: Run ReadHtmlCache Behavior [ RunTime:0.000690s ]
INFO: [ app_begin ] --END-- [ RunTime:0.000800s ]
NOTIC: [8] Use of undefined constant boss_username - assumed 'boss_username' D:\wamp\www\jianzhishidai\jianzhi\App\Lib\Action\HeaderAction.class.php 第 10 行.
NOTIC: [8] Undefined index: boss_username D:\wamp\www\jianzhishidai\jianzhi\App\Lib\Action\HeaderAction.class.php 第 10 行.
NOTIC: [8] Use of undefined constant stu_username - assumed 'stu_username' D:\wamp\www\jianzhishidai\jianzhi\App\Lib\Action\HeaderAction.class.php 第 20 行.
NOTIC: [8] Undefined index: stu_username D:\wamp\www\jianzhishidai\jianzhi\App\Lib\Action\HeaderAction.class.php 第 20 行.
SQL: SHOW COLUMNS FROM `jz_post` [ RunTime:0.002580s ]
NOTIC: [8] Undefined variable: map D:\wamp\www\jianzhishidai\jianzhi\App\Lib\Action\IndexAction.class.php 第 8 行.
SQL: SELECT COUNT(*) AS tp_count FROM `jz_post` LIMIT 1   [ RunTime:0.000356s ]
NOTIC: [8] Use of undefined constant header - assumed 'header' D:\wamp\www\jianzhishidai\jianzhi\App\Lib\Action\IndexAction.class.php 第 10 行.
NOTIC: [8] Undefined variable: map D:\wamp\www\jianzhishidai\jianzhi\App\Lib\Action\IndexAction.class.php 第 16 行.
SQL: SELECT * FROM `jz_post` ORDER BY time desc LIMIT 0,10   [ RunTime:0.000618s ]
INFO: [ view_template ] --START--
INFO: Run LocationTemplate Behavior [ RunTime:0.000421s ]
INFO: [ view_template ] --END-- [ RunTime:0.000478s ]
INFO: [ view_parse ] --START--
INFO: Run ParseTemplate Behavior [ RunTime:0.013394s ]
INFO: [ view_parse ] --END-- [ RunTime:0.013456s ]
INFO: [ view_filter ] --START--
INFO: Run ContentReplace Behavior [ RunTime:0.000593s ]
INFO: Run TokenBuild Behavior [ RunTime:0.000343s ]
INFO: Run WriteHtmlCache Behavior [ RunTime:0.000224s ]
INFO: Run ShowRuntime Behavior [ RunTime:0.000431s ]
INFO: [ view_filter ] --END-- [ RunTime:0.001726s ]
INFO: [ view_end ] --START--
INFO: Run ShowPageTrace Behavior [ RunTime:0.000501s ]
INFO: [ view_end ] --END-- [ RunTime:0.000549s ]

[ 2015-07-25T12:02:03+08:00 ] 127.0.0.1 /jianzhi/
INFO: [ app_begin ] --START--
INFO: Run ReadHtmlCache Behavior [ RunTime:0.000580s ]
INFO: [ app_begin ] --END-- [ RunTime:0.000677s ]
NOTIC: [8] Use of undefined constant boss_username - assumed 'boss_username' D:\wamp\www\jianzhishidai\jianzhi\App\Lib\Action\HeaderAction.class.php 第 10 行.
NOTIC: [8] Undefined index: boss_username D:\wamp\www\jianzhishidai\jianzhi\App\Lib\Action\HeaderAction.class.php 第 10 行.
NOTIC: [8] Use of undefined constant stu_username - assumed 'stu_username' D:\wamp\www\jianzhishidai\jianzhi\App\Lib\Action\HeaderAction.class.php 第 20 行.
NOTIC: [8] Undefined index: stu_username D:\wamp\www\jianzhishidai\jianzhi\App\Lib\Action\HeaderAction.class.php 第 20 行.
SQL: SHOW COLUMNS FROM `jz_post` [ RunTime:0.002735s ]
NOTIC: [8] Undefined variable: map D:\wamp\www\jianzhishidai\jianzhi\App\Lib\Action\IndexAction.class.php 第 8 行.
SQL: SELECT COUNT(*) AS tp_count FROM `jz_post` LIMIT 1   [ RunTime:0.000312s ]
NOTIC: [8] Use of undefined constant header - assumed 'header' D:\wamp\www\jianzhishidai\jianzhi\App\Lib\Action\IndexAction.class.php 第 10 行.
NOTIC: [8] Undefined variable: map D:\wamp\www\jianzhishidai\jianzhi\App\Lib\Action\IndexAction.class.php 第 16 行.
SQL: SELECT * FROM `jz_post` ORDER BY time desc LIMIT 0,10   [ RunTime:0.000494s ]
INFO: [ view_template ] --START--
INFO: Run LocationTemplate Behavior [ RunTime:0.000437s ]
INFO: [ view_template ] --END-- [ RunTime:0.000507s ]
INFO: [ view_parse ] --START--
INFO: Run ParseTemplate Behavior [ RunTime:0.014309s ]
INFO: [ view_parse ] --END-- [ RunTime:0.014379s ]
INFO: [ view_filter ] --START--
INFO: Run ContentReplace Behavior [ RunTime:0.000618s ]
INFO: Run TokenBuild Behavior [ RunTime:0.000346s ]
INFO: Run WriteHtmlCache Behavior [ RunTime:0.000225s ]
INFO: Run ShowRuntime Behavior [ RunTime:0.000436s ]
INFO: [ view_filter ] --END-- [ RunTime:0.001758s ]
INFO: [ view_end ] --START--
INFO: Run ShowPageTrace Behavior [ RunTime:0.000497s ]
INFO: [ view_end ] --END-- [ RunTime:0.000543s ]

[ 2015-07-25T12:02:30+08:00 ] 127.0.0.1 /jianzhi/
INFO: [ app_begin ] --START--
INFO: Run ReadHtmlCache Behavior [ RunTime:0.000697s ]
INFO: [ app_begin ] --END-- [ RunTime:0.000788s ]
NOTIC: [8] Use of undefined constant boss_username - assumed 'boss_username' D:\wamp\www\jianzhishidai\jianzhi\App\Lib\Action\HeaderAction.class.php 第 10 行.
NOTIC: [8] Undefined index: boss_username D:\wamp\www\jianzhishidai\jianzhi\App\Lib\Action\HeaderAction.class.php 第 10 行.
NOTIC: [8] Use of undefined constant stu_username - assumed 'stu_username' D:\wamp\www\jianzhishidai\jianzhi\App\Lib\Action\HeaderAction.class.php 第 20 行.
NOTIC: [8] Undefined index: stu_username D:\wamp\www\jianzhishidai\jianzhi\App\Lib\Action\HeaderAction.class.php 第 20 行.
SQL: SHOW COLUMNS FROM `jz_post` [ RunTime:0.002697s ]
NOTIC: [8] Undefined variable: map D:\wamp\www\jianzhishidai\jianzhi\App\Lib\Action\IndexAction.class.php 第 8 行.
SQL: SELECT COUNT(*) AS tp_count FROM `jz_post` LIMIT 1   [ RunTime:0.000414s ]
NOTIC: [8] Use of undefined constant header - assumed 'header' D:\wamp\www\jianzhishidai\jianzhi\App\Lib\Action\IndexAction.class.php 第 10 行.
NOTIC: [8] Undefined variable: map D:\wamp\www\jianzhishidai\jianzhi\App\Lib\Action\IndexAction.class.php 第 16 行.
SQL: SELECT * FROM `jz_post` ORDER BY time desc LIMIT 0,10   [ RunTime:0.000783s ]
INFO: [ view_template ] --START--
INFO: Run LocationTemplate Behavior [ RunTime:0.001802s ]
INFO: [ view_template ] --END-- [ RunTime:0.001874s ]
INFO: [ view_parse ] --START--
INFO: Run ParseTemplate Behavior [ RunTime:0.014887s ]
INFO: [ view_parse ] --END-- [ RunTime:0.014956s ]
INFO: [ view_filter ] --START--
INFO: Run ContentReplace Behavior [ RunTime:0.000705s ]
INFO: Run TokenBuild Behavior [ RunTime:0.000442s ]
INFO: Run WriteHtmlCache Behavior [ RunTime:0.000332s ]
INFO: Run ShowRuntime Behavior [ RunTime:0.000535s ]
INFO: [ view_filter ] --END-- [ RunTime:0.002160s ]
INFO: [ view_end ] --START--
INFO: Run ShowPageTrace Behavior [ RunTime:0.000614s ]
INFO: [ view_end ] --END-- [ RunTime:0.000662s ]

[ 2015-07-25T12:03:31+08:00 ] 127.0.0.1 /jianzhi/
INFO: [ app_begin ] --START--
INFO: Run ReadHtmlCache Behavior [ RunTime:0.000645s ]
INFO: [ app_begin ] --END-- [ RunTime:0.000723s ]
NOTIC: [8] Use of undefined constant boss_username - assumed 'boss_username' D:\wamp\www\jianzhishidai\jianzhi\App\Lib\Action\HeaderAction.class.php 第 10 行.
NOTIC: [8] Undefined index: boss_username D:\wamp\www\jianzhishidai\jianzhi\App\Lib\Action\HeaderAction.class.php 第 10 行.
NOTIC: [8] Use of undefined constant stu_username - assumed 'stu_username' D:\wamp\www\jianzhishidai\jianzhi\App\Lib\Action\HeaderAction.class.php 第 20 行.
NOTIC: [8] Undefined index: stu_username D:\wamp\www\jianzhishidai\jianzhi\App\Lib\Action\HeaderAction.class.php 第 20 行.
SQL: SHOW COLUMNS FROM `jz_post` [ RunTime:0.003266s ]
NOTIC: [8] Undefined variable: map D:\wamp\www\jianzhishidai\jianzhi\App\Lib\Action\IndexAction.class.php 第 8 行.
SQL: SELECT COUNT(*) AS tp_count FROM `jz_post` LIMIT 1   [ RunTime:0.000335s ]
NOTIC: [8] Use of undefined constant header - assumed 'header' D:\wamp\www\jianzhishidai\jianzhi\App\Lib\Action\IndexAction.class.php 第 10 行.
NOTIC: [8] Undefined variable: map D:\wamp\www\jianzhishidai\jianzhi\App\Lib\Action\IndexAction.class.php 第 16 行.
SQL: SELECT * FROM `jz_post` ORDER BY time desc LIMIT 0,10   [ RunTime:0.000503s ]
INFO: [ view_template ] --START--
INFO: Run LocationTemplate Behavior [ RunTime:0.000982s ]
INFO: [ view_template ] --END-- [ RunTime:0.001044s ]
INFO: [ view_parse ] --START--
INFO: Run ParseTemplate Behavior [ RunTime:0.014507s ]
INFO: [ view_parse ] --END-- [ RunTime:0.014574s ]
INFO: [ view_filter ] --START--
INFO: Run ContentReplace Behavior [ RunTime:0.000760s ]
INFO: Run TokenBuild Behavior [ RunTime:0.000517s ]
INFO: Run WriteHtmlCache Behavior [ RunTime:0.000379s ]
INFO: Run ShowRuntime Behavior [ RunTime:0.000559s ]
INFO: [ view_filter ] --END-- [ RunTime:0.002380s ]
INFO: [ view_end ] --START--
INFO: Run ShowPageTrace Behavior [ RunTime:0.000605s ]
INFO: [ view_end ] --END-- [ RunTime:0.000653s ]

[ 2015-07-25T12:05:11+08:00 ] 127.0.0.1 /jianzhi/
INFO: [ app_begin ] --START--
INFO: Run ReadHtmlCache Behavior [ RunTime:0.000853s ]
INFO: [ app_begin ] --END-- [ RunTime:0.000963s ]
NOTIC: [8] Use of undefined constant boss_username - assumed 'boss_username' D:\wamp\www\jianzhishidai\jianzhi\App\Lib\Action\HeaderAction.class.php 第 10 行.
NOTIC: [8] Undefined index: boss_username D:\wamp\www\jianzhishidai\jianzhi\App\Lib\Action\HeaderAction.class.php 第 10 行.
NOTIC: [8] Use of undefined constant stu_username - assumed 'stu_username' D:\wamp\www\jianzhishidai\jianzhi\App\Lib\Action\HeaderAction.class.php 第 20 行.
NOTIC: [8] Undefined index: stu_username D:\wamp\www\jianzhishidai\jianzhi\App\Lib\Action\HeaderAction.class.php 第 20 行.
SQL: SHOW COLUMNS FROM `jz_post` [ RunTime:0.003533s ]
NOTIC: [8] Undefined variable: map D:\wamp\www\jianzhishidai\jianzhi\App\Lib\Action\IndexAction.class.php 第 8 行.
SQL: SELECT COUNT(*) AS tp_count FROM `jz_post` LIMIT 1   [ RunTime:0.000457s ]
NOTIC: [8] Use of undefined constant header - assumed 'header' D:\wamp\www\jianzhishidai\jianzhi\App\Lib\Action\IndexAction.class.php 第 10 行.
NOTIC: [8] Undefined variable: map D:\wamp\www\jianzhishidai\jianzhi\App\Lib\Action\IndexAction.class.php 第 16 行.
SQL: SELECT * FROM `jz_post` ORDER BY time desc LIMIT 0,10   [ RunTime:0.000644s ]
INFO: [ view_template ] --START--
INFO: Run LocationTemplate Behavior [ RunTime:0.000711s ]
INFO: [ view_template ] --END-- [ RunTime:0.000772s ]
INFO: [ view_parse ] --START--
INFO: Run ParseTemplate Behavior [ RunTime:0.014404s ]
INFO: [ view_parse ] --END-- [ RunTime:0.014471s ]
INFO: [ view_filter ] --START--
INFO: Run ContentReplace Behavior [ RunTime:0.000702s ]
INFO: Run TokenBuild Behavior [ RunTime:0.000439s ]
INFO: Run WriteHtmlCache Behavior [ RunTime:0.000325s ]
INFO: Run ShowRuntime Behavior [ RunTime:0.000524s ]
INFO: [ view_filter ] --END-- [ RunTime:0.002135s ]
INFO: [ view_end ] --START--
INFO: Run ShowPageTrace Behavior [ RunTime:0.000614s ]
INFO: [ view_end ] --END-- [ RunTime:0.000666s ]

[ 2015-07-25T12:05:47+08:00 ] 127.0.0.1 /jianzhi/
INFO: [ app_begin ] --START--
INFO: Run ReadHtmlCache Behavior [ RunTime:0.001011s ]
INFO: [ app_begin ] --END-- [ RunTime:0.001131s ]
NOTIC: [8] Use of undefined constant boss_username - assumed 'boss_username' D:\wamp\www\jianzhishidai\jianzhi\App\Lib\Action\HeaderAction.class.php 第 10 行.
NOTIC: [8] Undefined index: boss_username D:\wamp\www\jianzhishidai\jianzhi\App\Lib\Action\HeaderAction.class.php 第 10 行.
NOTIC: [8] Use of undefined constant stu_username - assumed 'stu_username' D:\wamp\www\jianzhishidai\jianzhi\App\Lib\Action\HeaderAction.class.php 第 20 行.
NOTIC: [8] Undefined index: stu_username D:\wamp\www\jianzhishidai\jianzhi\App\Lib\Action\HeaderAction.class.php 第 20 行.
SQL: SHOW COLUMNS FROM `jz_post` [ RunTime:0.003022s ]
NOTIC: [8] Undefined variable: map D:\wamp\www\jianzhishidai\jianzhi\App\Lib\Action\IndexAction.class.php 第 8 行.
SQL: SELECT COUNT(*) AS tp_count FROM `jz_post` LIMIT 1   [ RunTime:0.000313s ]
NOTIC: [8] Use of undefined constant header - assumed 'header' D:\wamp\www\jianzhishidai\jianzhi\App\Lib\Action\IndexAction.class.php 第 10 行.
NOTIC: [8] Undefined variable: map D:\wamp\www\jianzhishidai\jianzhi\App\Lib\Action\IndexAction.class.php 第 16 行.
SQL: SELECT * FROM `jz_post` ORDER BY time desc LIMIT 0,10   [ RunTime:0.000438s ]
INFO: [ view_template ] --START--
INFO: Run LocationTemplate Behavior [ RunTime:0.000729s ]
INFO: [ view_template ] --END-- [ RunTime:0.000797s ]
INFO: [ view_parse ] --START--
INFO: Run ParseTemplate Behavior [ RunTime:0.014364s ]
INFO: [ view_parse ] --END-- [ RunTime:0.014429s ]
INFO: [ view_filter ] --START--
INFO: Run ContentReplace Behavior [ RunTime:0.000699s ]
INFO: Run TokenBuild Behavior [ RunTime:0.000433s ]
INFO: Run WriteHtmlCache Behavior [ RunTime:0.000318s ]
INFO: Run ShowRuntime Behavior [ RunTime:0.000514s ]
INFO: [ view_filter ] --END-- [ RunTime:0.002102s ]
INFO: [ view_end ] --START--
INFO: Run ShowPageTrace Behavior [ RunTime:0.000589s ]
INFO: [ view_end ] --END-- [ RunTime:0.000637s ]

[ 2015-07-25T12:05:57+08:00 ] 127.0.0.1 /jianzhi/index.php/Wei
INFO: [ route_check ] --START--
INFO: Run CheckRoute Behavior [ RunTime:0.039086s ]
INFO: [ route_check ] --END-- [ RunTime:0.039180s ]
INFO: [ app_begin ] --START--
INFO: Run ReadHtmlCache Behavior [ RunTime:0.000581s ]
INFO: [ app_begin ] --END-- [ RunTime:0.000637s ]
SQL: SHOW COLUMNS FROM `jz_post` [ RunTime:0.005114s ]
SQL: SELECT * FROM `jz_post` ORDER BY id DESC LIMIT 100   [ RunTime:0.002349s ]
INFO: [ view_template ] --START--
INFO: Run LocationTemplate Behavior [ RunTime:0.001959s ]
INFO: [ view_template ] --END-- [ RunTime:0.002105s ]
INFO: [ view_parse ] --START--
INFO: Run ParseTemplate Behavior [ RunTime:0.072785s ]
INFO: [ view_parse ] --END-- [ RunTime:0.072897s ]
INFO: [ view_filter ] --START--
INFO: Run ContentReplace Behavior [ RunTime:0.000919s ]
INFO: Run TokenBuild Behavior [ RunTime:0.000475s ]
INFO: Run WriteHtmlCache Behavior [ RunTime:0.000309s ]
INFO: Run ShowRuntime Behavior [ RunTime:0.000566s ]
INFO: [ view_filter ] --END-- [ RunTime:0.002418s ]
INFO: [ view_end ] --START--
INFO: Run ShowPageTrace Behavior [ RunTime:0.000708s ]
INFO: [ view_end ] --END-- [ RunTime:0.000762s ]

[ 2015-07-25T12:06:10+08:00 ] 127.0.0.1 /jianzhi/index.php/Wei
INFO: [ route_check ] --START--
INFO: Run CheckRoute Behavior [ RunTime:0.000856s ]
INFO: [ route_check ] --END-- [ RunTime:0.000930s ]
INFO: [ app_begin ] --START--
INFO: Run ReadHtmlCache Behavior [ RunTime:0.000512s ]
INFO: [ app_begin ] --END-- [ RunTime:0.000562s ]
SQL: SHOW COLUMNS FROM `jz_post` [ RunTime:0.002594s ]
SQL: SELECT * FROM `jz_post` ORDER BY id DESC LIMIT 100   [ RunTime:0.001246s ]
INFO: [ view_template ] --START--
INFO: Run LocationTemplate Behavior [ RunTime:0.000735s ]
INFO: [ view_template ] --END-- [ RunTime:0.000800s ]
INFO: [ view_parse ] --START--
INFO: Run ParseTemplate Behavior [ RunTime:0.008837s ]
INFO: [ view_parse ] --END-- [ RunTime:0.008936s ]
INFO: [ view_filter ] --START--
INFO: Run ContentReplace Behavior [ RunTime:0.000976s ]
INFO: Run TokenBuild Behavior [ RunTime:0.000493s ]
INFO: Run WriteHtmlCache Behavior [ RunTime:0.000315s ]
INFO: Run ShowRuntime Behavior [ RunTime:0.000563s ]
INFO: [ view_filter ] --END-- [ RunTime:0.002493s ]
INFO: [ view_end ] --START--
INFO: Run ShowPageTrace Behavior [ RunTime:0.000604s ]
INFO: [ view_end ] --END-- [ RunTime:0.000652s ]

[ 2015-07-25T12:13:25+08:00 ] 127.0.0.1 /jianzhi/
INFO: [ app_begin ] --START--
INFO: Run ReadHtmlCache Behavior [ RunTime:0.000650s ]
INFO: [ app_begin ] --END-- [ RunTime:0.000734s ]
NOTIC: [8] Use of undefined constant boss_username - assumed 'boss_username' D:\wamp\www\jianzhishidai\jianzhi\App\Lib\Action\HeaderAction.class.php 第 10 行.
NOTIC: [8] Undefined index: boss_username D:\wamp\www\jianzhishidai\jianzhi\App\Lib\Action\HeaderAction.class.php 第 10 行.
NOTIC: [8] Use of undefined constant stu_username - assumed 'stu_username' D:\wamp\www\jianzhishidai\jianzhi\App\Lib\Action\HeaderAction.class.php 第 20 行.
NOTIC: [8] Undefined index: stu_username D:\wamp\www\jianzhishidai\jianzhi\App\Lib\Action\HeaderAction.class.php 第 20 行.
SQL: SHOW COLUMNS FROM `jz_post` [ RunTime:0.002456s ]
NOTIC: [8] Undefined variable: map D:\wamp\www\jianzhishidai\jianzhi\App\Lib\Action\IndexAction.class.php 第 8 行.
SQL: SELECT COUNT(*) AS tp_count FROM `jz_post` LIMIT 1   [ RunTime:0.000313s ]
NOTIC: [8] Use of undefined constant header - assumed 'header' D:\wamp\www\jianzhishidai\jianzhi\App\Lib\Action\IndexAction.class.php 第 10 行.
NOTIC: [8] Undefined variable: map D:\wamp\www\jianzhishidai\jianzhi\App\Lib\Action\IndexAction.class.php 第 16 行.
SQL: SELECT * FROM `jz_post` ORDER BY time desc LIMIT 0,10   [ RunTime:0.000429s ]
INFO: [ view_template ] --START--
INFO: Run LocationTemplate Behavior [ RunTime:0.000710s ]
INFO: [ view_template ] --END-- [ RunTime:0.000766s ]
INFO: [ view_parse ] --START--
INFO: Run ParseTemplate Behavior [ RunTime:0.014208s ]
INFO: [ view_parse ] --END-- [ RunTime:0.014276s ]
INFO: [ view_filter ] --START--
INFO: Run ContentReplace Behavior [ RunTime:0.000699s ]
INFO: Run TokenBuild Behavior [ RunTime:0.000440s ]
INFO: Run WriteHtmlCache Behavior [ RunTime:0.000306s ]
INFO: Run ShowRuntime Behavior [ RunTime:0.000508s ]
INFO: [ view_filter ] --END-- [ RunTime:0.002093s ]
INFO: [ view_end ] --START--
INFO: Run ShowPageTrace Behavior [ RunTime:0.000582s ]
INFO: [ view_end ] --END-- [ RunTime:0.000630s ]

[ 2015-07-25T12:13:31+08:00 ] 127.0.0.1 /jianzhi/index.php/Index/index/p/2.html
INFO: [ route_check ] --START--
INFO: Run CheckRoute Behavior [ RunTime:0.001696s ]
INFO: [ route_check ] --END-- [ RunTime:0.001827s ]
INFO: [ app_begin ] --START--
INFO: Run ReadHtmlCache Behavior [ RunTime:0.000905s ]
INFO: [ app_begin ] --END-- [ RunTime:0.000993s ]
NOTIC: [8] Use of undefined constant boss_username - assumed 'boss_username' D:\wamp\www\jianzhishidai\jianzhi\App\Lib\Action\HeaderAction.class.php 第 10 行.
NOTIC: [8] Undefined index: boss_username D:\wamp\www\jianzhishidai\jianzhi\App\Lib\Action\HeaderAction.class.php 第 10 行.
NOTIC: [8] Use of undefined constant stu_username - assumed 'stu_username' D:\wamp\www\jianzhishidai\jianzhi\App\Lib\Action\HeaderAction.class.php 第 20 行.
NOTIC: [8] Undefined index: stu_username D:\wamp\www\jianzhishidai\jianzhi\App\Lib\Action\HeaderAction.class.php 第 20 行.
SQL: SHOW COLUMNS FROM `jz_post` [ RunTime:0.002474s ]
NOTIC: [8] Undefined variable: map D:\wamp\www\jianzhishidai\jianzhi\App\Lib\Action\IndexAction.class.php 第 8 行.
SQL: SELECT COUNT(*) AS tp_count FROM `jz_post` LIMIT 1   [ RunTime:0.000448s ]
NOTIC: [8] Use of undefined constant header - assumed 'header' D:\wamp\www\jianzhishidai\jianzhi\App\Lib\Action\IndexAction.class.php 第 10 行.
NOTIC: [8] Undefined variable: map D:\wamp\www\jianzhishidai\jianzhi\App\Lib\Action\IndexAction.class.php 第 16 行.
SQL: SELECT * FROM `jz_post` ORDER BY time desc LIMIT 10,10   [ RunTime:0.000510s ]
INFO: [ view_template ] --START--
INFO: Run LocationTemplate Behavior [ RunTime:0.000699s ]
INFO: [ view_template ] --END-- [ RunTime:0.000755s ]
INFO: [ view_parse ] --START--
INFO: Run ParseTemplate Behavior [ RunTime:0.014053s ]
INFO: [ view_parse ] --END-- [ RunTime:0.014115s ]
INFO: [ view_filter ] --START--
INFO: Run ContentReplace Behavior [ RunTime:0.000804s ]
INFO: Run TokenBuild Behavior [ RunTime:0.000464s ]
INFO: Run WriteHtmlCache Behavior [ RunTime:0.000347s ]
INFO: Run ShowRuntime Behavior [ RunTime:0.000470s ]
INFO: [ view_filter ] --END-- [ RunTime:0.002226s ]
INFO: [ view_end ] --START--
INFO: Run ShowPageTrace Behavior [ RunTime:0.000587s ]
INFO: [ view_end ] --END-- [ RunTime:0.000631s ]

[ 2015-07-25T12:13:48+08:00 ] 127.0.0.1 /jianzhi/index.php/Index/index/p/1.html
INFO: [ route_check ] --START--
INFO: Run CheckRoute Behavior [ RunTime:0.001060s ]
INFO: [ route_check ] --END-- [ RunTime:0.001154s ]
INFO: [ app_begin ] --START--
INFO: Run ReadHtmlCache Behavior [ RunTime:0.000629s ]
INFO: [ app_begin ] --END-- [ RunTime:0.000690s ]
NOTIC: [8] Use of undefined constant boss_username - assumed 'boss_username' D:\wamp\www\jianzhishidai\jianzhi\App\Lib\Action\HeaderAction.class.php 第 10 行.
NOTIC: [8] Undefined index: boss_username D:\wamp\www\jianzhishidai\jianzhi\App\Lib\Action\HeaderAction.class.php 第 10 行.
NOTIC: [8] Use of undefined constant stu_username - assumed 'stu_username' D:\wamp\www\jianzhishidai\jianzhi\App\Lib\Action\HeaderAction.class.php 第 20 行.
NOTIC: [8] Undefined index: stu_username D:\wamp\www\jianzhishidai\jianzhi\App\Lib\Action\HeaderAction.class.php 第 20 行.
SQL: SHOW COLUMNS FROM `jz_post` [ RunTime:0.003531s ]
NOTIC: [8] Undefined variable: map D:\wamp\www\jianzhishidai\jianzhi\App\Lib\Action\IndexAction.class.php 第 8 行.
SQL: SELECT COUNT(*) AS tp_count FROM `jz_post` LIMIT 1   [ RunTime:0.000398s ]
NOTIC: [8] Use of undefined constant header - assumed 'header' D:\wamp\www\jianzhishidai\jianzhi\App\Lib\Action\IndexAction.class.php 第 10 行.
NOTIC: [8] Undefined variable: map D:\wamp\www\jianzhishidai\jianzhi\App\Lib\Action\IndexAction.class.php 第 16 行.
SQL: SELECT * FROM `jz_post` ORDER BY time desc LIMIT 0,10   [ RunTime:0.000425s ]
INFO: [ view_template ] --START--
INFO: Run LocationTemplate Behavior [ RunTime:0.000726s ]
INFO: [ view_template ] --END-- [ RunTime:0.000787s ]
INFO: [ view_parse ] --START--
INFO: Run ParseTemplate Behavior [ RunTime:0.014449s ]
INFO: [ view_parse ] --END-- [ RunTime:0.014527s ]
INFO: [ view_filter ] --START--
INFO: Run ContentReplace Behavior [ RunTime:0.000728s ]
INFO: Run TokenBuild Behavior [ RunTime:0.000443s ]
INFO: Run WriteHtmlCache Behavior [ RunTime:0.000461s ]
INFO: Run ShowRuntime Behavior [ RunTime:0.000523s ]
INFO: [ view_filter ] --END-- [ RunTime:0.002297s ]
INFO: [ view_end ] --START--
INFO: Run ShowPageTrace Behavior [ RunTime:0.000614s ]
INFO: [ view_end ] --END-- [ RunTime:0.000661s ]

[ 2015-07-25T12:14:07+08:00 ] 127.0.0.1 /jianzhi/index.php/Index/index/p/1.html
INFO: [ route_check ] --START--
INFO: Run CheckRoute Behavior [ RunTime:0.001049s ]
INFO: [ route_check ] --END-- [ RunTime:0.001138s ]
INFO: [ app_begin ] --START--
INFO: Run ReadHtmlCache Behavior [ RunTime:0.000646s ]
INFO: [ app_begin ] --END-- [ RunTime:0.000710s ]
NOTIC: [8] Use of undefined constant boss_username - assumed 'boss_username' D:\wamp\www\jianzhishidai\jianzhi\App\Lib\Action\HeaderAction.class.php 第 10 行.
NOTIC: [8] Undefined index: boss_username D:\wamp\www\jianzhishidai\jianzhi\App\Lib\Action\HeaderAction.class.php 第 10 行.
NOTIC: [8] Use of undefined constant stu_username - assumed 'stu_username' D:\wamp\www\jianzhishidai\jianzhi\App\Lib\Action\HeaderAction.class.php 第 20 行.
NOTIC: [8] Undefined index: stu_username D:\wamp\www\jianzhishidai\jianzhi\App\Lib\Action\HeaderAction.class.php 第 20 行.
SQL: SHOW COLUMNS FROM `jz_post` [ RunTime:0.002523s ]
NOTIC: [8] Undefined variable: map D:\wamp\www\jianzhishidai\jianzhi\App\Lib\Action\IndexAction.class.php 第 8 行.
SQL: SELECT COUNT(*) AS tp_count FROM `jz_post` LIMIT 1   [ RunTime:0.000323s ]
NOTIC: [8] Use of undefined constant header - assumed 'header' D:\wamp\www\jianzhishidai\jianzhi\App\Lib\Action\IndexAction.class.php 第 10 行.
NOTIC: [8] Undefined variable: map D:\wamp\www\jianzhishidai\jianzhi\App\Lib\Action\IndexAction.class.php 第 16 行.
SQL: SELECT * FROM `jz_post` ORDER BY time desc LIMIT 0,10   [ RunTime:0.000470s ]
INFO: [ view_template ] --START--
INFO: Run LocationTemplate Behavior [ RunTime:0.000688s ]
INFO: [ view_template ] --END-- [ RunTime:0.000746s ]
INFO: [ view_parse ] --START--
INFO: Run ParseTemplate Behavior [ RunTime:0.014141s ]
INFO: [ view_parse ] --END-- [ RunTime:0.014207s ]
INFO: [ view_filter ] --START--
INFO: Run ContentReplace Behavior [ RunTime:0.000827s ]
INFO: Run TokenBuild Behavior [ RunTime:0.000440s ]
INFO: Run WriteHtmlCache Behavior [ RunTime:0.000309s ]
INFO: Run ShowRuntime Behavior [ RunTime:0.000507s ]
INFO: [ view_filter ] --END-- [ RunTime:0.002223s ]
INFO: [ view_end ] --START--
INFO: Run ShowPageTrace Behavior [ RunTime:0.000582s ]
INFO: [ view_end ] --END-- [ RunTime:0.000630s ]

[ 2015-07-25T12:14:08+08:00 ] 127.0.0.1 /jianzhi/index.php/Index/index/p/1.html
INFO: [ route_check ] --START--
INFO: Run CheckRoute Behavior [ RunTime:0.001706s ]
INFO: [ route_check ] --END-- [ RunTime:0.001813s ]
INFO: [ app_begin ] --START--
INFO: Run ReadHtmlCache Behavior [ RunTime:0.000716s ]
INFO: [ app_begin ] --END-- [ RunTime:0.000787s ]
NOTIC: [8] Use of undefined constant boss_username - assumed 'boss_username' D:\wamp\www\jianzhishidai\jianzhi\App\Lib\Action\HeaderAction.class.php 第 10 行.
NOTIC: [8] Undefined index: boss_username D:\wamp\www\jianzhishidai\jianzhi\App\Lib\Action\HeaderAction.class.php 第 10 行.
NOTIC: [8] Use of undefined constant stu_username - assumed 'stu_username' D:\wamp\www\jianzhishidai\jianzhi\App\Lib\Action\HeaderAction.class.php 第 20 行.
NOTIC: [8] Undefined index: stu_username D:\wamp\www\jianzhishidai\jianzhi\App\Lib\Action\HeaderAction.class.php 第 20 行.
SQL: SHOW COLUMNS FROM `jz_post` [ RunTime:0.002882s ]
NOTIC: [8] Undefined variable: map D:\wamp\www\jianzhishidai\jianzhi\App\Lib\Action\IndexAction.class.php 第 8 行.
SQL: SELECT COUNT(*) AS tp_count FROM `jz_post` LIMIT 1   [ RunTime:0.000470s ]
NOTIC: [8] Use of undefined constant header - assumed 'header' D:\wamp\www\jianzhishidai\jianzhi\App\Lib\Action\IndexAction.class.php 第 10 行.
NOTIC: [8] Undefined variable: map D:\wamp\www\jianzhishidai\jianzhi\App\Lib\Action\IndexAction.class.php 第 16 行.
SQL: SELECT * FROM `jz_post` ORDER BY time desc LIMIT 0,10   [ RunTime:0.000547s ]
INFO: [ view_template ] --START--
INFO: Run LocationTemplate Behavior [ RunTime:0.000496s ]
INFO: [ view_template ] --END-- [ RunTime:0.000562s ]
INFO: [ view_parse ] --START--
INFO: Run ParseTemplate Behavior [ RunTime:0.013650s ]
INFO: [ view_parse ] --END-- [ RunTime:0.013722s ]
INFO: [ view_filter ] --START--
INFO: Run ContentReplace Behavior [ RunTime:0.000657s ]
INFO: Run TokenBuild Behavior [ RunTime:0.000354s ]
INFO: Run WriteHtmlCache Behavior [ RunTime:0.000249s ]
INFO: Run ShowRuntime Behavior [ RunTime:0.000433s ]
INFO: [ view_filter ] --END-- [ RunTime:0.001830s ]
INFO: [ view_end ] --START--
INFO: Run ShowPageTrace Behavior [ RunTime:0.000514s ]
INFO: [ view_end ] --END-- [ RunTime:0.000562s ]

[ 2015-07-25T12:14:15+08:00 ] 127.0.0.1 /jianzhi/index.php/Index/index/p/1.html
INFO: [ route_check ] --START--
INFO: Run CheckRoute Behavior [ RunTime:0.000667s ]
INFO: [ route_check ] --END-- [ RunTime:0.000743s ]
INFO: [ app_begin ] --START--
INFO: Run ReadHtmlCache Behavior [ RunTime:0.000441s ]
INFO: [ app_begin ] --END-- [ RunTime:0.000498s ]
NOTIC: [8] Use of undefined constant boss_username - assumed 'boss_username' D:\wamp\www\jianzhishidai\jianzhi\App\Lib\Action\HeaderAction.class.php 第 10 行.
NOTIC: [8] Undefined index: boss_username D:\wamp\www\jianzhishidai\jianzhi\App\Lib\Action\HeaderAction.class.php 第 10 行.
NOTIC: [8] Use of undefined constant stu_username - assumed 'stu_username' D:\wamp\www\jianzhishidai\jianzhi\App\Lib\Action\HeaderAction.class.php 第 20 行.
NOTIC: [8] Undefined index: stu_username D:\wamp\www\jianzhishidai\jianzhi\App\Lib\Action\HeaderAction.class.php 第 20 行.
SQL: SHOW COLUMNS FROM `jz_post` [ RunTime:0.002437s ]
NOTIC: [8] Undefined variable: map D:\wamp\www\jianzhishidai\jianzhi\App\Lib\Action\IndexAction.class.php 第 8 行.
SQL: SELECT COUNT(*) AS tp_count FROM `jz_post` LIMIT 1   [ RunTime:0.000281s ]
NOTIC: [8] Use of undefined constant header - assumed 'header' D:\wamp\www\jianzhishidai\jianzhi\App\Lib\Action\IndexAction.class.php 第 10 行.
NOTIC: [8] Undefined variable: map D:\wamp\www\jianzhishidai\jianzhi\App\Lib\Action\IndexAction.class.php 第 16 行.
SQL: SELECT * FROM `jz_post` ORDER BY time desc LIMIT 0,10   [ RunTime:0.000418s ]
INFO: [ view_template ] --START--
INFO: Run LocationTemplate Behavior [ RunTime:0.000387s ]
INFO: [ view_template ] --END-- [ RunTime:0.000441s ]
INFO: [ view_parse ] --START--
INFO: Run ParseTemplate Behavior [ RunTime:0.013526s ]
INFO: [ view_parse ] --END-- [ RunTime:0.013589s ]
INFO: [ view_filter ] --START--
INFO: Run ContentReplace Behavior [ RunTime:0.000607s ]
INFO: Run TokenBuild Behavior [ RunTime:0.000356s ]
INFO: Run WriteHtmlCache Behavior [ RunTime:0.000223s ]
INFO: Run ShowRuntime Behavior [ RunTime:0.000421s ]
INFO: [ view_filter ] --END-- [ RunTime:0.001753s ]
INFO: [ view_end ] --START--
INFO: Run ShowPageTrace Behavior [ RunTime:0.000493s ]
INFO: [ view_end ] --END-- [ RunTime:0.000540s ]

[ 2015-07-25T12:14:16+08:00 ] 127.0.0.1 /jianzhi/index.php/Index/index/p/1.html
INFO: [ route_check ] --START--
INFO: Run CheckRoute Behavior [ RunTime:0.001186s ]
INFO: [ route_check ] --END-- [ RunTime:0.001332s ]
INFO: [ app_begin ] --START--
INFO: Run ReadHtmlCache Behavior [ RunTime:0.000797s ]
INFO: [ app_begin ] --END-- [ RunTime:0.000890s ]
NOTIC: [8] Use of undefined constant boss_username - assumed 'boss_username' D:\wamp\www\jianzhishidai\jianzhi\App\Lib\Action\HeaderAction.class.php 第 10 行.
NOTIC: [8] Undefined index: boss_username D:\wamp\www\jianzhishidai\jianzhi\App\Lib\Action\HeaderAction.class.php 第 10 行.
NOTIC: [8] Use of undefined constant stu_username - assumed 'stu_username' D:\wamp\www\jianzhishidai\jianzhi\App\Lib\Action\HeaderAction.class.php 第 20 行.
NOTIC: [8] Undefined index: stu_username D:\wamp\www\jianzhishidai\jianzhi\App\Lib\Action\HeaderAction.class.php 第 20 行.
SQL: SHOW COLUMNS FROM `jz_post` [ RunTime:0.002608s ]
NOTIC: [8] Undefined variable: map D:\wamp\www\jianzhishidai\jianzhi\App\Lib\Action\IndexAction.class.php 第 8 行.
SQL: SELECT COUNT(*) AS tp_count FROM `jz_post` LIMIT 1   [ RunTime:0.000342s ]
NOTIC: [8] Use of undefined constant header - assumed 'header' D:\wamp\www\jianzhishidai\jianzhi\App\Lib\Action\IndexAction.class.php 第 10 行.
NOTIC: [8] Undefined variable: map D:\wamp\www\jianzhishidai\jianzhi\App\Lib\Action\IndexAction.class.php 第 16 行.
SQL: SELECT * FROM `jz_post` ORDER BY time desc LIMIT 0,10   [ RunTime:0.000472s ]
INFO: [ view_template ] --START--
INFO: Run LocationTemplate Behavior [ RunTime:0.000408s ]
INFO: [ view_template ] --END-- [ RunTime:0.000510s ]
INFO: [ view_parse ] --START--
INFO: Run ParseTemplate Behavior [ RunTime:0.013723s ]
INFO: [ view_parse ] --END-- [ RunTime:0.013789s ]
INFO: [ view_filter ] --START--
INFO: Run ContentReplace Behavior [ RunTime:0.000656s ]
INFO: Run TokenBuild Behavior [ RunTime:0.000433s ]
INFO: Run WriteHtmlCache Behavior [ RunTime:0.000262s ]
INFO: Run ShowRuntime Behavior [ RunTime:0.000436s ]
INFO: [ view_filter ] --END-- [ RunTime:0.001941s ]
INFO: [ view_end ] --START--
INFO: Run ShowPageTrace Behavior [ RunTime:0.000507s ]
INFO: [ view_end ] --END-- [ RunTime:0.000554s ]

[ 2015-07-25T12:15:16+08:00 ] 127.0.0.1 /jianzhi/index.php/Index/index/p/1.html
INFO: [ route_check ] --START--
INFO: Run CheckRoute Behavior [ RunTime:0.000668s ]
INFO: [ route_check ] --END-- [ RunTime:0.000747s ]
INFO: [ app_begin ] --START--
INFO: Run ReadHtmlCache Behavior [ RunTime:0.000446s ]
INFO: [ app_begin ] --END-- [ RunTime:0.000495s ]
NOTIC: [8] Use of undefined constant boss_username - assumed 'boss_username' D:\wamp\www\jianzhishidai\jianzhi\App\Lib\Action\HeaderAction.class.php 第 10 行.
NOTIC: [8] Undefined index: boss_username D:\wamp\www\jianzhishidai\jianzhi\App\Lib\Action\HeaderAction.class.php 第 10 行.
NOTIC: [8] Use of undefined constant stu_username - assumed 'stu_username' D:\wamp\www\jianzhishidai\jianzhi\App\Lib\Action\HeaderAction.class.php 第 20 行.
NOTIC: [8] Undefined index: stu_username D:\wamp\www\jianzhishidai\jianzhi\App\Lib\Action\HeaderAction.class.php 第 20 行.
SQL: SHOW COLUMNS FROM `jz_post` [ RunTime:0.002497s ]
NOTIC: [8] Undefined variable: map D:\wamp\www\jianzhishidai\jianzhi\App\Lib\Action\IndexAction.class.php 第 8 行.
SQL: SELECT COUNT(*) AS tp_count FROM `jz_post` LIMIT 1   [ RunTime:0.000334s ]
NOTIC: [8] Use of undefined constant header - assumed 'header' D:\wamp\www\jianzhishidai\jianzhi\App\Lib\Action\IndexAction.class.php 第 10 行.
NOTIC: [8] Undefined variable: map D:\wamp\www\jianzhishidai\jianzhi\App\Lib\Action\IndexAction.class.php 第 16 行.
SQL: SELECT * FROM `jz_post` ORDER BY time desc LIMIT 0,10   [ RunTime:0.000522s ]
INFO: [ view_template ] --START--
INFO: Run LocationTemplate Behavior [ RunTime:0.000396s ]
INFO: [ view_template ] --END-- [ RunTime:0.000450s ]
INFO: [ view_parse ] --START--
INFO: Run ParseTemplate Behavior [ RunTime:0.014149s ]
INFO: [ view_parse ] --END-- [ RunTime:0.014211s ]
INFO: [ view_filter ] --START--
INFO: Run ContentReplace Behavior [ RunTime:0.000626s ]
INFO: Run TokenBuild Behavior [ RunTime:0.000351s ]
INFO: Run WriteHtmlCache Behavior [ RunTime:0.000224s ]
INFO: Run ShowRuntime Behavior [ RunTime:0.000426s ]
INFO: [ view_filter ] --END-- [ RunTime:0.001768s ]
INFO: [ view_end ] --START--
INFO: Run ShowPageTrace Behavior [ RunTime:0.000543s ]
INFO: [ view_end ] --END-- [ RunTime:0.000597s ]

[ 2015-07-25T12:15:17+08:00 ] 127.0.0.1 /jianzhi/index.php/Index/index/p/1.html
INFO: [ route_check ] --START--
INFO: Run CheckRoute Behavior [ RunTime:0.000838s ]
INFO: [ route_check ] --END-- [ RunTime:0.000916s ]
INFO: [ app_begin ] --START--
INFO: Run ReadHtmlCache Behavior [ RunTime:0.000441s ]
INFO: [ app_begin ] --END-- [ RunTime:0.000489s ]
NOTIC: [8] Use of undefined constant boss_username - assumed 'boss_username' D:\wamp\www\jianzhishidai\jianzhi\App\Lib\Action\HeaderAction.class.php 第 10 行.
NOTIC: [8] Undefined index: boss_username D:\wamp\www\jianzhishidai\jianzhi\App\Lib\Action\HeaderAction.class.php 第 10 行.
NOTIC: [8] Use of undefined constant stu_username - assumed 'stu_username' D:\wamp\www\jianzhishidai\jianzhi\App\Lib\Action\HeaderAction.class.php 第 20 行.
NOTIC: [8] Undefined index: stu_username D:\wamp\www\jianzhishidai\jianzhi\App\Lib\Action\HeaderAction.class.php 第 20 行.
SQL: SHOW COLUMNS FROM `jz_post` [ RunTime:0.002493s ]
NOTIC: [8] Undefined variable: map D:\wamp\www\jianzhishidai\jianzhi\App\Lib\Action\IndexAction.class.php 第 8 行.
SQL: SELECT COUNT(*) AS tp_count FROM `jz_post` LIMIT 1   [ RunTime:0.000325s ]
NOTIC: [8] Use of undefined constant header - assumed 'header' D:\wamp\www\jianzhishidai\jianzhi\App\Lib\Action\IndexAction.class.php 第 10 行.
NOTIC: [8] Undefined variable: map D:\wamp\www\jianzhishidai\jianzhi\App\Lib\Action\IndexAction.class.php 第 16 行.
SQL: SELECT * FROM `jz_post` ORDER BY time desc LIMIT 0,10   [ RunTime:0.000636s ]
INFO: [ view_template ] --START--
INFO: Run LocationTemplate Behavior [ RunTime:0.000431s ]
INFO: [ view_template ] --END-- [ RunTime:0.000490s ]
INFO: [ view_parse ] --START--
INFO: Run ParseTemplate Behavior [ RunTime:0.013944s ]
INFO: [ view_parse ] --END-- [ RunTime:0.014012s ]
INFO: [ view_filter ] --START--
INFO: Run ContentReplace Behavior [ RunTime:0.000654s ]
INFO: Run TokenBuild Behavior [ RunTime:0.000366s ]
INFO: Run WriteHtmlCache Behavior [ RunTime:0.000227s ]
INFO: Run ShowRuntime Behavior [ RunTime:0.000427s ]
INFO: [ view_filter ] --END-- [ RunTime:0.001814s ]
INFO: [ view_end ] --START--
INFO: Run ShowPageTrace Behavior [ RunTime:0.000504s ]
INFO: [ view_end ] --END-- [ RunTime:0.000550s ]

[ 2015-07-25T12:15:19+08:00 ] 127.0.0.1 /jianzhi/
INFO: [ app_begin ] --START--
INFO: Run ReadHtmlCache Behavior [ RunTime:0.001014s ]
INFO: [ app_begin ] --END-- [ RunTime:0.001145s ]
NOTIC: [8] Use of undefined constant boss_username - assumed 'boss_username' D:\wamp\www\jianzhishidai\jianzhi\App\Lib\Action\HeaderAction.class.php 第 10 行.
NOTIC: [8] Undefined index: boss_username D:\wamp\www\jianzhishidai\jianzhi\App\Lib\Action\HeaderAction.class.php 第 10 行.
NOTIC: [8] Use of undefined constant stu_username - assumed 'stu_username' D:\wamp\www\jianzhishidai\jianzhi\App\Lib\Action\HeaderAction.class.php 第 20 行.
NOTIC: [8] Undefined index: stu_username D:\wamp\www\jianzhishidai\jianzhi\App\Lib\Action\HeaderAction.class.php 第 20 行.
SQL: SHOW COLUMNS FROM `jz_post` [ RunTime:0.002430s ]
NOTIC: [8] Undefined variable: map D:\wamp\www\jianzhishidai\jianzhi\App\Lib\Action\IndexAction.class.php 第 8 行.
SQL: SELECT COUNT(*) AS tp_count FROM `jz_post` LIMIT 1   [ RunTime:0.000400s ]
NOTIC: [8] Use of undefined constant header - assumed 'header' D:\wamp\www\jianzhishidai\jianzhi\App\Lib\Action\IndexAction.class.php 第 10 行.
NOTIC: [8] Undefined variable: map D:\wamp\www\jianzhishidai\jianzhi\App\Lib\Action\IndexAction.class.php 第 16 行.
SQL: SELECT * FROM `jz_post` ORDER BY time desc LIMIT 0,10   [ RunTime:0.000482s ]
INFO: [ view_template ] --START--
INFO: Run LocationTemplate Behavior [ RunTime:0.000453s ]
INFO: [ view_template ] --END-- [ RunTime:0.000509s ]
INFO: [ view_parse ] --START--
INFO: Run ParseTemplate Behavior [ RunTime:0.013416s ]
INFO: [ view_parse ] --END-- [ RunTime:0.013481s ]
INFO: [ view_filter ] --START--
INFO: Run ContentReplace Behavior [ RunTime:0.000601s ]
INFO: Run TokenBuild Behavior [ RunTime:0.000348s ]
INFO: Run WriteHtmlCache Behavior [ RunTime:0.000222s ]
INFO: Run ShowRuntime Behavior [ RunTime:0.000434s ]
INFO: [ view_filter ] --END-- [ RunTime:0.001740s ]
INFO: [ view_end ] --START--
INFO: Run ShowPageTrace Behavior [ RunTime:0.000505s ]
INFO: [ view_end ] --END-- [ RunTime:0.000553s ]

[ 2015-07-25T12:15:39+08:00 ] 127.0.0.1 /jianzhi/
INFO: [ app_begin ] --START--
INFO: Run ReadHtmlCache Behavior [ RunTime:0.000644s ]
INFO: [ app_begin ] --END-- [ RunTime:0.000722s ]
NOTIC: [8] Use of undefined constant boss_username - assumed 'boss_username' D:\wamp\www\jianzhishidai\jianzhi\App\Lib\Action\HeaderAction.class.php 第 10 行.
NOTIC: [8] Undefined index: boss_username D:\wamp\www\jianzhishidai\jianzhi\App\Lib\Action\HeaderAction.class.php 第 10 行.
NOTIC: [8] Use of undefined constant stu_username - assumed 'stu_username' D:\wamp\www\jianzhishidai\jianzhi\App\Lib\Action\HeaderAction.class.php 第 20 行.
NOTIC: [8] Undefined index: stu_username D:\wamp\www\jianzhishidai\jianzhi\App\Lib\Action\HeaderAction.class.php 第 20 行.
SQL: SHOW COLUMNS FROM `jz_post` [ RunTime:0.003614s ]
NOTIC: [8] Undefined variable: map D:\wamp\www\jianzhishidai\jianzhi\App\Lib\Action\IndexAction.class.php 第 8 行.
SQL: SELECT COUNT(*) AS tp_count FROM `jz_post` LIMIT 1   [ RunTime:0.000496s ]
NOTIC: [8] Use of undefined constant header - assumed 'header' D:\wamp\www\jianzhishidai\jianzhi\App\Lib\Action\IndexAction.class.php 第 10 行.
NOTIC: [8] Undefined variable: map D:\wamp\www\jianzhishidai\jianzhi\App\Lib\Action\IndexAction.class.php 第 16 行.
SQL: SELECT * FROM `jz_post` ORDER BY time desc LIMIT 0,10   [ RunTime:0.000814s ]
INFO: [ view_template ] --START--
INFO: Run LocationTemplate Behavior [ RunTime:0.001085s ]
INFO: [ view_template ] --END-- [ RunTime:0.001179s ]
INFO: [ view_parse ] --START--
INFO: Run ParseTemplate Behavior [ RunTime:0.022317s ]
INFO: [ view_parse ] --END-- [ RunTime:0.022419s ]
INFO: [ view_filter ] --START--
INFO: Run ContentReplace Behavior [ RunTime:0.001110s ]
INFO: Run TokenBuild Behavior [ RunTime:0.000728s ]
INFO: Run WriteHtmlCache Behavior [ RunTime:0.000513s ]
INFO: Run ShowRuntime Behavior [ RunTime:0.000837s ]
INFO: [ view_filter ] --END-- [ RunTime:0.003412s ]
INFO: [ view_end ] --START--
INFO: Run ShowPageTrace Behavior [ RunTime:0.001012s ]
INFO: [ view_end ] --END-- [ RunTime:0.001094s ]

[ 2015-07-25T12:15:53+08:00 ] 127.0.0.1 /jianzhi/
INFO: [ app_begin ] --START--
INFO: Run ReadHtmlCache Behavior [ RunTime:0.000459s ]
INFO: [ app_begin ] --END-- [ RunTime:0.000536s ]
NOTIC: [8] Use of undefined constant boss_username - assumed 'boss_username' D:\wamp\www\jianzhishidai\jianzhi\App\Lib\Action\HeaderAction.class.php 第 10 行.
NOTIC: [8] Undefined index: boss_username D:\wamp\www\jianzhishidai\jianzhi\App\Lib\Action\HeaderAction.class.php 第 10 行.
NOTIC: [8] Use of undefined constant stu_username - assumed 'stu_username' D:\wamp\www\jianzhishidai\jianzhi\App\Lib\Action\HeaderAction.class.php 第 20 行.
NOTIC: [8] Undefined index: stu_username D:\wamp\www\jianzhishidai\jianzhi\App\Lib\Action\HeaderAction.class.php 第 20 行.
SQL: SHOW COLUMNS FROM `jz_post` [ RunTime:0.002481s ]
NOTIC: [8] Undefined variable: map D:\wamp\www\jianzhishidai\jianzhi\App\Lib\Action\IndexAction.class.php 第 8 行.
SQL: SELECT COUNT(*) AS tp_count FROM `jz_post` LIMIT 1   [ RunTime:0.000282s ]
NOTIC: [8] Use of undefined constant header - assumed 'header' D:\wamp\www\jianzhishidai\jianzhi\App\Lib\Action\IndexAction.class.php 第 10 行.
NOTIC: [8] Undefined variable: map D:\wamp\www\jianzhishidai\jianzhi\App\Lib\Action\IndexAction.class.php 第 16 行.
SQL: SELECT * FROM `jz_post` ORDER BY time desc LIMIT 0,10   [ RunTime:0.000450s ]
INFO: [ view_template ] --START--
INFO: Run LocationTemplate Behavior [ RunTime:0.000386s ]
INFO: [ view_template ] --END-- [ RunTime:0.000455s ]
INFO: [ view_parse ] --START--
INFO: Run ParseTemplate Behavior [ RunTime:0.012873s ]
INFO: [ view_parse ] --END-- [ RunTime:0.013000s ]
INFO: [ view_filter ] --START--
INFO: Run ContentReplace Behavior [ RunTime:0.000686s ]
INFO: Run TokenBuild Behavior [ RunTime:0.002160s ]
INFO: Run WriteHtmlCache Behavior [ RunTime:0.000342s ]
INFO: Run ShowRuntime Behavior [ RunTime:0.000458s ]
INFO: [ view_filter ] --END-- [ RunTime:0.003826s ]
INFO: [ view_end ] --START--
INFO: Run ShowPageTrace Behavior [ RunTime:0.000542s ]
INFO: [ view_end ] --END-- [ RunTime:0.000594s ]

[ 2015-07-25T12:17:35+08:00 ] 127.0.0.1 /jianzhi/
INFO: [ route_check ] --START--
INFO: Run CheckRoute Behavior [ RunTime:0.001172s ]
INFO: [ route_check ] --END-- [ RunTime:0.001277s ]
INFO: [ app_begin ] --START--
INFO: Run ReadHtmlCache Behavior [ RunTime:0.000648s ]
INFO: [ app_begin ] --END-- [ RunTime:0.000713s ]
ERR: 无法加载模块:jianzhi

[ 2015-07-25T12:17:38+08:00 ] 127.0.0.1 /
INFO: [ app_begin ] --START--
INFO: Run ReadHtmlCache Behavior [ RunTime:0.000468s ]
INFO: [ app_begin ] --END-- [ RunTime:0.000547s ]
NOTIC: [8] Use of undefined constant boss_username - assumed 'boss_username' D:\wamp\www\jianzhishidai\App\Lib\Action\HeaderAction.class.php 第 10 行.
NOTIC: [8] Undefined index: boss_username D:\wamp\www\jianzhishidai\App\Lib\Action\HeaderAction.class.php 第 10 行.
NOTIC: [8] Use of undefined constant stu_username - assumed 'stu_username' D:\wamp\www\jianzhishidai\App\Lib\Action\HeaderAction.class.php 第 20 行.
NOTIC: [8] Undefined index: stu_username D:\wamp\www\jianzhishidai\App\Lib\Action\HeaderAction.class.php 第 20 行.
SQL: SHOW COLUMNS FROM `jz_post` [ RunTime:0.002574s ]
NOTIC: [8] Undefined variable: map D:\wamp\www\jianzhishidai\App\Lib\Action\IndexAction.class.php 第 8 行.
SQL: SELECT COUNT(*) AS tp_count FROM `jz_post` LIMIT 1   [ RunTime:0.000316s ]
NOTIC: [8] Use of undefined constant header - assumed 'header' D:\wamp\www\jianzhishidai\App\Lib\Action\IndexAction.class.php 第 10 行.
NOTIC: [8] Undefined variable: map D:\wamp\www\jianzhishidai\App\Lib\Action\IndexAction.class.php 第 16 行.
SQL: SELECT * FROM `jz_post` ORDER BY time desc LIMIT 0,10   [ RunTime:0.000435s ]
INFO: [ view_template ] --START--
INFO: Run LocationTemplate Behavior [ RunTime:0.000701s ]
INFO: [ view_template ] --END-- [ RunTime:0.000760s ]
INFO: [ view_parse ] --START--
INFO: Run ParseTemplate Behavior [ RunTime:0.014082s ]
INFO: [ view_parse ] --END-- [ RunTime:0.014146s ]
INFO: [ view_filter ] --START--
INFO: Run ContentReplace Behavior [ RunTime:0.000679s ]
INFO: Run TokenBuild Behavior [ RunTime:0.000403s ]
INFO: Run WriteHtmlCache Behavior [ RunTime:0.000315s ]
INFO: Run ShowRuntime Behavior [ RunTime:0.000496s ]
INFO: [ view_filter ] --END-- [ RunTime:0.002023s ]
INFO: [ view_end ] --START--
INFO: Run ShowPageTrace Behavior [ RunTime:0.000584s ]
INFO: [ view_end ] --END-- [ RunTime:0.000630s ]

[ 2015-07-25T12:17:44+08:00 ] 127.0.0.1 /index.php/Post/pubBossPost
INFO: [ route_check ] --START--
INFO: Run CheckRoute Behavior [ RunTime:0.001019s ]
INFO: [ route_check ] --END-- [ RunTime:0.001109s ]
INFO: [ app_begin ] --START--
INFO: Run ReadHtmlCache Behavior [ RunTime:0.000567s ]
INFO: [ app_begin ] --END-- [ RunTime:0.000616s ]
SQL: SHOW COLUMNS FROM `jz_post` [ RunTime:0.002398s ]
SQL: SELECT COUNT(*) AS tp_count FROM `jz_post` LIMIT 1   [ RunTime:0.000293s ]
SQL: INSERT INTO `jz_post` (`id`,`username`,`name`,`title`,`area`,`payTypeId`,`salaryTypeId`,`salary`,`numwant`,`detail`,`time`,`phone`,`weixin`,`qq`) VALUES ('10108','','','dfd','',0,0,'','','f df d','2015-07-25 12:17:44','13821836575','','') [ RunTime:0.064728s ]

[ 2015-07-25T12:17:44+08:00 ] 127.0.0.1 /index.php/Index
INFO: [ route_check ] --START--
INFO: Run CheckRoute Behavior [ RunTime:0.000697s ]
INFO: [ route_check ] --END-- [ RunTime:0.000784s ]
INFO: [ app_begin ] --START--
INFO: Run ReadHtmlCache Behavior [ RunTime:0.000480s ]
INFO: [ app_begin ] --END-- [ RunTime:0.000536s ]
NOTIC: [8] Use of undefined constant boss_username - assumed 'boss_username' D:\wamp\www\jianzhishidai\App\Lib\Action\HeaderAction.class.php 第 10 行.
NOTIC: [8] Undefined index: boss_username D:\wamp\www\jianzhishidai\App\Lib\Action\HeaderAction.class.php 第 10 行.
NOTIC: [8] Use of undefined constant stu_username - assumed 'stu_username' D:\wamp\www\jianzhishidai\App\Lib\Action\HeaderAction.class.php 第 20 行.
NOTIC: [8] Undefined index: stu_username D:\wamp\www\jianzhishidai\App\Lib\Action\HeaderAction.class.php 第 20 行.
SQL: SHOW COLUMNS FROM `jz_post` [ RunTime:0.002451s ]
NOTIC: [8] Undefined variable: map D:\wamp\www\jianzhishidai\App\Lib\Action\IndexAction.class.php 第 8 行.
SQL: SELECT COUNT(*) AS tp_count FROM `jz_post` LIMIT 1   [ RunTime:0.000480s ]
NOTIC: [8] Use of undefined constant header - assumed 'header' D:\wamp\www\jianzhishidai\App\Lib\Action\IndexAction.class.php 第 10 行.
NOTIC: [8] Undefined variable: map D:\wamp\www\jianzhishidai\App\Lib\Action\IndexAction.class.php 第 16 行.
SQL: SELECT * FROM `jz_post` ORDER BY time desc LIMIT 0,10   [ RunTime:0.000492s ]
INFO: [ view_template ] --START--
INFO: Run LocationTemplate Behavior [ RunTime:0.001096s ]
INFO: [ view_template ] --END-- [ RunTime:0.001194s ]
INFO: [ view_parse ] --START--
INFO: Run ParseTemplate Behavior [ RunTime:0.016199s ]
INFO: [ view_parse ] --END-- [ RunTime:0.016283s ]
INFO: [ view_filter ] --START--
INFO: Run ContentReplace Behavior [ RunTime:0.000784s ]
INFO: Run TokenBuild Behavior [ RunTime:0.000494s ]
INFO: Run WriteHtmlCache Behavior [ RunTime:0.000322s ]
INFO: Run ShowRuntime Behavior [ RunTime:0.000546s ]
INFO: [ view_filter ] --END-- [ RunTime:0.002305s ]
INFO: [ view_end ] --START--
INFO: Run ShowPageTrace Behavior [ RunTime:0.000622s ]
INFO: [ view_end ] --END-- [ RunTime:0.000671s ]

[ 2015-07-25T12:17:52+08:00 ] 127.0.0.1 /index.php/Post/pubBossPost
INFO: [ route_check ] --START--
INFO: Run CheckRoute Behavior [ RunTime:0.000964s ]
INFO: [ route_check ] --END-- [ RunTime:0.001051s ]
INFO: [ app_begin ] --START--
INFO: Run ReadHtmlCache Behavior [ RunTime:0.000544s ]
INFO: [ app_begin ] --END-- [ RunTime:0.000592s ]
SQL: SHOW COLUMNS FROM `jz_post` [ RunTime:0.002398s ]
SQL: SELECT COUNT(*) AS tp_count FROM `jz_post` LIMIT 1   [ RunTime:0.000260s ]
SQL: INSERT INTO `jz_post` (`id`,`username`,`name`,`title`,`area`,`payTypeId`,`salaryTypeId`,`salary`,`numwant`,`detail`,`time`,`phone`,`weixin`,`qq`) VALUES ('10109','','','ceshi1','',0,0,'','','fdsf','2015-07-25 12:17:52','13821836574','','') [ RunTime:0.063685s ]

[ 2015-07-25T12:17:52+08:00 ] 127.0.0.1 /index.php/Index
INFO: [ route_check ] --START--
INFO: Run CheckRoute Behavior [ RunTime:0.001337s ]
INFO: [ route_check ] --END-- [ RunTime:0.001477s ]
INFO: [ app_begin ] --START--
INFO: Run ReadHtmlCache Behavior [ RunTime:0.000940s ]
INFO: [ app_begin ] --END-- [ RunTime:0.001043s ]
NOTIC: [8] Use of undefined constant boss_username - assumed 'boss_username' D:\wamp\www\jianzhishidai\App\Lib\Action\HeaderAction.class.php 第 10 行.
NOTIC: [8] Undefined index: boss_username D:\wamp\www\jianzhishidai\App\Lib\Action\HeaderAction.class.php 第 10 行.
NOTIC: [8] Use of undefined constant stu_username - assumed 'stu_username' D:\wamp\www\jianzhishidai\App\Lib\Action\HeaderAction.class.php 第 20 行.
NOTIC: [8] Undefined index: stu_username D:\wamp\www\jianzhishidai\App\Lib\Action\HeaderAction.class.php 第 20 行.
SQL: SHOW COLUMNS FROM `jz_post` [ RunTime:0.002447s ]
NOTIC: [8] Undefined variable: map D:\wamp\www\jianzhishidai\App\Lib\Action\IndexAction.class.php 第 8 行.
SQL: SELECT COUNT(*) AS tp_count FROM `jz_post` LIMIT 1   [ RunTime:0.000399s ]
NOTIC: [8] Use of undefined constant header - assumed 'header' D:\wamp\www\jianzhishidai\App\Lib\Action\IndexAction.class.php 第 10 行.
NOTIC: [8] Undefined variable: map D:\wamp\www\jianzhishidai\App\Lib\Action\IndexAction.class.php 第 16 行.
SQL: SELECT * FROM `jz_post` ORDER BY time desc LIMIT 0,10   [ RunTime:0.000588s ]
INFO: [ view_template ] --START--
INFO: Run LocationTemplate Behavior [ RunTime:0.000853s ]
INFO: [ view_template ] --END-- [ RunTime:0.000929s ]
INFO: [ view_parse ] --START--
INFO: Run ParseTemplate Behavior [ RunTime:0.015055s ]
INFO: [ view_parse ] --END-- [ RunTime:0.015128s ]
INFO: [ view_filter ] --START--
INFO: Run ContentReplace Behavior [ RunTime:0.000882s ]
INFO: Run TokenBuild Behavior [ RunTime:0.000525s ]
INFO: Run WriteHtmlCache Behavior [ RunTime:0.000324s ]
INFO: Run ShowRuntime Behavior [ RunTime:0.000533s ]
INFO: [ view_filter ] --END-- [ RunTime:0.002431s ]
INFO: [ view_end ] --START--
INFO: Run ShowPageTrace Behavior [ RunTime:0.000680s ]
INFO: [ view_end ] --END-- [ RunTime:0.000737s ]

[ 2015-07-25T12:17:56+08:00 ] 127.0.0.1 /index.php/Index/index/p/2.html
INFO: [ route_check ] --START--
INFO: Run CheckRoute Behavior [ RunTime:0.000801s ]
INFO: [ route_check ] --END-- [ RunTime:0.000897s ]
INFO: [ app_begin ] --START--
INFO: Run ReadHtmlCache Behavior [ RunTime:0.000578s ]
INFO: [ app_begin ] --END-- [ RunTime:0.000650s ]
NOTIC: [8] Use of undefined constant boss_username - assumed 'boss_username' D:\wamp\www\jianzhishidai\App\Lib\Action\HeaderAction.class.php 第 10 行.
NOTIC: [8] Undefined index: boss_username D:\wamp\www\jianzhishidai\App\Lib\Action\HeaderAction.class.php 第 10 行.
NOTIC: [8] Use of undefined constant stu_username - assumed 'stu_username' D:\wamp\www\jianzhishidai\App\Lib\Action\HeaderAction.class.php 第 20 行.
NOTIC: [8] Undefined index: stu_username D:\wamp\www\jianzhishidai\App\Lib\Action\HeaderAction.class.php 第 20 行.
SQL: SHOW COLUMNS FROM `jz_post` [ RunTime:0.003108s ]
NOTIC: [8] Undefined variable: map D:\wamp\www\jianzhishidai\App\Lib\Action\IndexAction.class.php 第 8 行.
SQL: SELECT COUNT(*) AS tp_count FROM `jz_post` LIMIT 1   [ RunTime:0.000353s ]
NOTIC: [8] Use of undefined constant header - assumed 'header' D:\wamp\www\jianzhishidai\App\Lib\Action\IndexAction.class.php 第 10 行.
NOTIC: [8] Undefined variable: map D:\wamp\www\jianzhishidai\App\Lib\Action\IndexAction.class.php 第 16 行.
SQL: SELECT * FROM `jz_post` ORDER BY time desc LIMIT 10,10   [ RunTime:0.000597s ]
INFO: [ view_template ] --START--
INFO: Run LocationTemplate Behavior [ RunTime:0.000430s ]
INFO: [ view_template ] --END-- [ RunTime:0.000495s ]
INFO: [ view_parse ] --START--
INFO: Run ParseTemplate Behavior [ RunTime:0.013703s ]
INFO: [ view_parse ] --END-- [ RunTime:0.013776s ]
INFO: [ view_filter ] --START--
INFO: Run ContentReplace Behavior [ RunTime:0.000614s ]
INFO: Run TokenBuild Behavior [ RunTime:0.000343s ]
INFO: Run WriteHtmlCache Behavior [ RunTime:0.000206s ]
INFO: Run ShowRuntime Behavior [ RunTime:0.000385s ]
INFO: [ view_filter ] --END-- [ RunTime:0.001678s ]
INFO: [ view_end ] --START--
INFO: Run ShowPageTrace Behavior [ RunTime:0.000502s ]
INFO: [ view_end ] --END-- [ RunTime:0.000556s ]

