[ 2015-06-26T11:55:40+08:00 ] 127.0.0.1 /chrome/profile_avatars/avatar_generic.png
INFO: [ route_check ] --START--
INFO: Run CheckRoute Behavior [ RunTime:0.028961s ]
INFO: [ route_check ] --END-- [ RunTime:0.029106s ]
INFO: [ app_begin ] --START--
INFO: Run ReadHtmlCache Behavior [ RunTime:0.001260s ]
INFO: [ app_begin ] --END-- [ RunTime:0.001344s ]
NOTIC: [8] A session had already been started - ignoring session_start() C:\wamp\www\jianzhishidai\ThinkPHP\Common\functions.php 第 566 行.
ERR: 无法加载模块:chrome

[ 2015-06-26T11:55:58+08:00 ] 127.0.0.1 /
INFO: [ app_begin ] --START--
INFO: Run ReadHtmlCache Behavior [ RunTime:0.001864s ]
INFO: [ app_begin ] --END-- [ RunTime:0.001991s ]
NOTIC: [8] A session had already been started - ignoring session_start() C:\wamp\www\jianzhishidai\ThinkPHP\Common\functions.php 第 566 行.
NOTIC: [8] Use of undefined constant boss_username - assumed 'boss_username' C:\wamp\www\jianzhishidai\App\Lib\Action\HeaderAction.class.php 第 10 行.
NOTIC: [8] Undefined index:  boss_username C:\wamp\www\jianzhishidai\App\Lib\Action\HeaderAction.class.php 第 10 行.
NOTIC: [8] Use of undefined constant stu_username - assumed 'stu_username' C:\wamp\www\jianzhishidai\App\Lib\Action\HeaderAction.class.php 第 20 行.
NOTIC: [8] Undefined index:  stu_username C:\wamp\www\jianzhishidai\App\Lib\Action\HeaderAction.class.php 第 20 行.
SQL: SHOW COLUMNS FROM `jz_post` [ RunTime:0.626292s ]
NOTIC: [8] Undefined variable: map C:\wamp\www\jianzhishidai\App\Lib\Action\IndexAction.class.php 第 11 行.
SQL: SELECT COUNT(*) AS tp_count FROM `jz_post` LIMIT 1   [ RunTime:0.158795s ]
NOTIC: [8] Use of undefined constant header - assumed 'header' C:\wamp\www\jianzhishidai\App\Lib\Action\IndexAction.class.php 第 13 行.
NOTIC: [8] Use of undefined constant theme - assumed 'theme' C:\wamp\www\jianzhishidai\App\Lib\Action\IndexAction.class.php 第 14 行.
NOTIC: [8] Undefined variable: map C:\wamp\www\jianzhishidai\App\Lib\Action\IndexAction.class.php 第 17 行.
SQL: SELECT * FROM `jz_post` ORDER BY time desc LIMIT 0,10   [ RunTime:0.023899s ]
INFO: [ view_template ] --START--
INFO: Run LocationTemplate Behavior [ RunTime:0.035254s ]
INFO: [ view_template ] --END-- [ RunTime:0.035363s ]
INFO: [ view_parse ] --START--
NOTIC: [8] Undefined variable: php100 C:\wamp\www\jianzhishidai\App\Runtime\Cache\f331a3f0d874c4248458495ef2c2c2d1.php 第 119 行.
INFO: Run ParseTemplate Behavior [ RunTime:0.260187s ]
INFO: [ view_parse ] --END-- [ RunTime:0.260307s ]
INFO: [ view_filter ] --START--
INFO: Run ContentReplace Behavior [ RunTime:0.001649s ]
INFO: Run TokenBuild Behavior [ RunTime:0.001219s ]
INFO: Run WriteHtmlCache Behavior [ RunTime:0.001267s ]
INFO: Run ShowRuntime Behavior [ RunTime:0.001902s ]
INFO: [ view_filter ] --END-- [ RunTime:0.006312s ]
NOTIC: [2] Cannot modify header information - headers already sent by (output started at C:\wamp\www\jianzhishidai\App\Lib\Action\IndexAction.class.php:5) C:\wamp\www\jianzhishidai\ThinkPHP\Lib\Core\View.class.php 第 88 行.
NOTIC: [2] Cannot modify header information - headers already sent by (output started at C:\wamp\www\jianzhishidai\App\Lib\Action\IndexAction.class.php:5) C:\wamp\www\jianzhishidai\ThinkPHP\Lib\Core\View.class.php 第 89 行.
NOTIC: [2] Cannot modify header information - headers already sent by (output started at C:\wamp\www\jianzhishidai\App\Lib\Action\IndexAction.class.php:5) C:\wamp\www\jianzhishidai\ThinkPHP\Lib\Core\View.class.php 第 90 行.
INFO: [ view_end ] --START--
INFO: Run ShowPageTrace Behavior [ RunTime:0.001857s ]
INFO: [ view_end ] --END-- [ RunTime:0.001991s ]

[ 2015-06-26T11:56:04+08:00 ] 127.0.0.1 /__PUBLIC__/js/jquery.js
INFO: [ route_check ] --START--
INFO: Run CheckRoute Behavior [ RunTime:0.001589s ]
INFO: [ route_check ] --END-- [ RunTime:0.001715s ]
INFO: [ app_begin ] --START--
INFO: Run ReadHtmlCache Behavior [ RunTime:0.000650s ]
INFO: [ app_begin ] --END-- [ RunTime:0.000733s ]
NOTIC: [8] A session had already been started - ignoring session_start() C:\wamp\www\jianzhishidai\ThinkPHP\Common\functions.php 第 566 行.
NOTIC: [8] Undefined variable: group C:\wamp\www\jianzhishidai\ThinkPHP\Lib\Core\App.class.php 第 120 行.
ERR: 无法加载模块:__PUBLIC__

[ 2015-06-26T11:56:22+08:00 ] 127.0.0.1 /favicon.ico
INFO: [ route_check ] --START--
INFO: Run CheckRoute Behavior [ RunTime:0.001620s ]
INFO: [ route_check ] --END-- [ RunTime:0.001730s ]
INFO: [ app_begin ] --START--
INFO: Run ReadHtmlCache Behavior [ RunTime:0.001222s ]
INFO: [ app_begin ] --END-- [ RunTime:0.001301s ]
NOTIC: [8] A session had already been started - ignoring session_start() C:\wamp\www\jianzhishidai\ThinkPHP\Common\functions.php 第 566 行.
NOTIC: [8] Undefined variable: group C:\wamp\www\jianzhishidai\ThinkPHP\Lib\Core\App.class.php 第 120 行.
ERR: 无法加载模块:favicon.ico

[ 2015-06-26T12:15:01+08:00 ] 127.0.0.1 /gpt/pubads_impl_65.js
INFO: [ route_check ] --START--
INFO: Run CheckRoute Behavior [ RunTime:0.001616s ]
INFO: [ route_check ] --END-- [ RunTime:0.001733s ]
INFO: [ app_begin ] --START--
INFO: Run ReadHtmlCache Behavior [ RunTime:0.001256s ]
INFO: [ app_begin ] --END-- [ RunTime:0.001336s ]
NOTIC: [8] A session had already been started - ignoring session_start() C:\wamp\www\jianzhishidai\ThinkPHP\Common\functions.php 第 566 行.
ERR: 无法加载模块:gpt

[ 2015-06-26T12:15:09+08:00 ] 127.0.0.1 /gpt/pubads_impl_65.js
INFO: [ route_check ] --START--
INFO: Run CheckRoute Behavior [ RunTime:0.001610s ]
INFO: [ route_check ] --END-- [ RunTime:0.001728s ]
INFO: [ app_begin ] --START--
INFO: Run ReadHtmlCache Behavior [ RunTime:0.001223s ]
INFO: [ app_begin ] --END-- [ RunTime:0.001310s ]
NOTIC: [8] A session had already been started - ignoring session_start() C:\wamp\www\jianzhishidai\ThinkPHP\Common\functions.php 第 566 行.
ERR: 无法加载模块:gpt

[ 2015-06-26T12:16:16+08:00 ] 127.0.0.1 /gpt/pubads_impl_65.js
INFO: [ route_check ] --START--
INFO: Run CheckRoute Behavior [ RunTime:0.000928s ]
INFO: [ route_check ] --END-- [ RunTime:0.001051s ]
INFO: [ app_begin ] --START--
INFO: Run ReadHtmlCache Behavior [ RunTime:0.000620s ]
INFO: [ app_begin ] --END-- [ RunTime:0.000701s ]
NOTIC: [8] A session had already been started - ignoring session_start() C:\wamp\www\jianzhishidai\ThinkPHP\Common\functions.php 第 566 行.
ERR: 无法加载模块:gpt

[ 2015-06-26T12:18:54+08:00 ] 127.0.0.1 /gpt/pubads_impl_65.js
INFO: [ route_check ] --START--
INFO: Run CheckRoute Behavior [ RunTime:0.001502s ]
INFO: [ route_check ] --END-- [ RunTime:0.001608s ]
INFO: [ app_begin ] --START--
INFO: Run ReadHtmlCache Behavior [ RunTime:0.001237s ]
INFO: [ app_begin ] --END-- [ RunTime:0.001318s ]
NOTIC: [8] A session had already been started - ignoring session_start() C:\wamp\www\jianzhishidai\ThinkPHP\Common\functions.php 第 566 行.
ERR: 无法加载模块:gpt

[ 2015-06-26T22:27:36+08:00 ] 127.0.0.1 /chrome/profile_avatars/avatar_generic.png
INFO: [ route_check ] --START--
INFO: Run CheckRoute Behavior [ RunTime:0.172507s ]
INFO: [ route_check ] --END-- [ RunTime:0.172654s ]
INFO: [ app_begin ] --START--
INFO: Run ReadHtmlCache Behavior [ RunTime:0.036634s ]
INFO: [ app_begin ] --END-- [ RunTime:0.036754s ]
NOTIC: [8] A session had already been started - ignoring session_start() C:\wamp\www\jianzhishidai\ThinkPHP\Common\functions.php 第 566 行.
ERR: 无法加载模块:chrome

[ 2015-06-26T22:27:48+08:00 ] 127.0.0.1 /
INFO: [ app_begin ] --START--
INFO: Run ReadHtmlCache Behavior [ RunTime:0.001367s ]
INFO: [ app_begin ] --END-- [ RunTime:0.001489s ]
NOTIC: [8] A session had already been started - ignoring session_start() C:\wamp\www\jianzhishidai\ThinkPHP\Common\functions.php 第 566 行.
NOTIC: [8] Use of undefined constant boss_username - assumed 'boss_username' C:\wamp\www\jianzhishidai\App\Lib\Action\HeaderAction.class.php 第 10 行.
NOTIC: [8] Undefined index:  boss_username C:\wamp\www\jianzhishidai\App\Lib\Action\HeaderAction.class.php 第 10 行.
NOTIC: [8] Use of undefined constant stu_username - assumed 'stu_username' C:\wamp\www\jianzhishidai\App\Lib\Action\HeaderAction.class.php 第 20 行.
NOTIC: [8] Undefined index:  stu_username C:\wamp\www\jianzhishidai\App\Lib\Action\HeaderAction.class.php 第 20 行.
SQL: SHOW COLUMNS FROM `jz_post` [ RunTime:0.372077s ]
NOTIC: [8] Undefined variable: map C:\wamp\www\jianzhishidai\App\Lib\Action\IndexAction.class.php 第 11 行.
SQL: SELECT COUNT(*) AS tp_count FROM `jz_post` LIMIT 1   [ RunTime:0.040439s ]
NOTIC: [8] Use of undefined constant header - assumed 'header' C:\wamp\www\jianzhishidai\App\Lib\Action\IndexAction.class.php 第 13 行.
NOTIC: [8] Use of undefined constant theme - assumed 'theme' C:\wamp\www\jianzhishidai\App\Lib\Action\IndexAction.class.php 第 14 行.
NOTIC: [8] Undefined variable: map C:\wamp\www\jianzhishidai\App\Lib\Action\IndexAction.class.php 第 17 行.
SQL: SELECT * FROM `jz_post` ORDER BY time desc LIMIT 0,10   [ RunTime:0.000676s ]
INFO: [ view_template ] --START--
INFO: Run LocationTemplate Behavior [ RunTime:0.119350s ]
INFO: [ view_template ] --END-- [ RunTime:0.119482s ]
INFO: [ view_parse ] --START--
NOTIC: [8] Undefined variable: php100 C:\wamp\www\jianzhishidai\App\Runtime\Cache\f331a3f0d874c4248458495ef2c2c2d1.php 第 119 行.
INFO: Run ParseTemplate Behavior [ RunTime:0.686928s ]
INFO: [ view_parse ] --END-- [ RunTime:0.687034s ]
INFO: [ view_filter ] --START--
INFO: Run ContentReplace Behavior [ RunTime:0.049129s ]
INFO: Run TokenBuild Behavior [ RunTime:0.036625s ]
INFO: Run WriteHtmlCache Behavior [ RunTime:0.038013s ]
INFO: Run ShowRuntime Behavior [ RunTime:0.046065s ]
INFO: [ view_filter ] --END-- [ RunTime:0.170170s ]
NOTIC: [2] Cannot modify header information - headers already sent by (output started at C:\wamp\www\jianzhishidai\App\Lib\Action\IndexAction.class.php:5) C:\wamp\www\jianzhishidai\ThinkPHP\Lib\Core\View.class.php 第 88 行.
NOTIC: [2] Cannot modify header information - headers already sent by (output started at C:\wamp\www\jianzhishidai\App\Lib\Action\IndexAction.class.php:5) C:\wamp\www\jianzhishidai\ThinkPHP\Lib\Core\View.class.php 第 89 行.
NOTIC: [2] Cannot modify header information - headers already sent by (output started at C:\wamp\www\jianzhishidai\App\Lib\Action\IndexAction.class.php:5) C:\wamp\www\jianzhishidai\ThinkPHP\Lib\Core\View.class.php 第 90 行.
INFO: [ view_end ] --START--
INFO: Run ShowPageTrace Behavior [ RunTime:0.033781s ]
INFO: [ view_end ] --END-- [ RunTime:0.033901s ]

[ 2015-06-26T23:13:58+08:00 ] 127.0.0.1 /pagead/images/nessie_icon_tiamat_white.png
INFO: [ route_check ] --START--
INFO: Run CheckRoute Behavior [ RunTime:0.019600s ]
INFO: [ route_check ] --END-- [ RunTime:0.019738s ]
INFO: [ app_begin ] --START--
INFO: Run ReadHtmlCache Behavior [ RunTime:0.011903s ]
INFO: [ app_begin ] --END-- [ RunTime:0.012010s ]
NOTIC: [8] A session had already been started - ignoring session_start() C:\wamp\www\jianzhishidai\ThinkPHP\Common\functions.php 第 566 行.
ERR: 无法加载模块:pagead

[ 2015-06-26T23:13:58+08:00 ] 127.0.0.1 /pagead/imgad?id=CICAgKDTlMqV6gEQrAIY-gEyCFy6o7MIj_jF
INFO: [ route_check ] --START--
INFO: Run CheckRoute Behavior [ RunTime:0.019331s ]
INFO: [ route_check ] --END-- [ RunTime:0.019469s ]
INFO: [ app_begin ] --START--
INFO: Run ReadHtmlCache Behavior [ RunTime:0.014853s ]
INFO: [ app_begin ] --END-- [ RunTime:0.014973s ]
NOTIC: [8] A session had already been started - ignoring session_start() C:\wamp\www\jianzhishidai\ThinkPHP\Common\functions.php 第 566 行.
ERR: 无法加载模块:pagead

[ 2015-06-26T23:13:58+08:00 ] 127.0.0.1 /pagead/images/google-logo.png
INFO: [ route_check ] --START--
INFO: Run CheckRoute Behavior [ RunTime:0.017778s ]
INFO: [ route_check ] --END-- [ RunTime:0.017935s ]
INFO: [ app_begin ] --START--
INFO: Run ReadHtmlCache Behavior [ RunTime:0.014416s ]
INFO: [ app_begin ] --END-- [ RunTime:0.014538s ]
NOTIC: [8] A session had already been started - ignoring session_start() C:\wamp\www\jianzhishidai\ThinkPHP\Common\functions.php 第 566 行.
ERR: 无法加载模块:pagead

[ 2015-06-26T23:13:58+08:00 ] 127.0.0.1 /pagead/js/r20150623/r20110914/abg.js
INFO: [ route_check ] --START--
INFO: Run CheckRoute Behavior [ RunTime:0.018085s ]
INFO: [ route_check ] --END-- [ RunTime:0.018217s ]
INFO: [ app_begin ] --START--
INFO: Run ReadHtmlCache Behavior [ RunTime:0.011329s ]
INFO: [ app_begin ] --END-- [ RunTime:0.011448s ]
NOTIC: [8] A session had already been started - ignoring session_start() C:\wamp\www\jianzhishidai\ThinkPHP\Common\functions.php 第 566 行.
ERR: 无法加载模块:pagead

[ 2015-06-26T23:13:58+08:00 ] 127.0.0.1 /pagead/imgad?id=CICAgKDTzeSz4gEQrAIY-gEyCOMicte2tKYD
INFO: [ route_check ] --START--
INFO: Run CheckRoute Behavior [ RunTime:0.001194s ]
INFO: [ route_check ] --END-- [ RunTime:0.001333s ]
INFO: [ app_begin ] --START--
INFO: Run ReadHtmlCache Behavior [ RunTime:0.000671s ]
INFO: [ app_begin ] --END-- [ RunTime:0.000772s ]
NOTIC: [8] A session had already been started - ignoring session_start() C:\wamp\www\jianzhishidai\ThinkPHP\Common\functions.php 第 566 行.
ERR: 无法加载模块:pagead

[ 2015-06-26T23:13:58+08:00 ] 127.0.0.1 /pagead/imgad?id=CICAgKDTpIaMmwEQ2AUYWjIIG4bg7lIZYUU
INFO: [ route_check ] --START--
INFO: Run CheckRoute Behavior [ RunTime:0.001025s ]
INFO: [ route_check ] --END-- [ RunTime:0.001187s ]
INFO: [ app_begin ] --START--
INFO: Run ReadHtmlCache Behavior [ RunTime:0.000669s ]
INFO: [ app_begin ] --END-- [ RunTime:0.000768s ]
NOTIC: [8] A session had already been started - ignoring session_start() C:\wamp\www\jianzhishidai\ThinkPHP\Common\functions.php 第 566 行.
ERR: 无法加载模块:pagead

[ 2015-06-26T23:13:59+08:00 ] 127.0.0.1 /pagead/images/google-logo.png
INFO: [ route_check ] --START--
INFO: Run CheckRoute Behavior [ RunTime:0.001008s ]
INFO: [ route_check ] --END-- [ RunTime:0.001142s ]
INFO: [ app_begin ] --START--
INFO: Run ReadHtmlCache Behavior [ RunTime:0.000703s ]
INFO: [ app_begin ] --END-- [ RunTime:0.000819s ]
NOTIC: [8] A session had already been started - ignoring session_start() C:\wamp\www\jianzhishidai\ThinkPHP\Common\functions.php 第 566 行.
ERR: 无法加载模块:pagead

[ 2015-06-26T23:13:59+08:00 ] 127.0.0.1 /pagead/images/x_button_blue2.png
INFO: [ route_check ] --START--
INFO: Run CheckRoute Behavior [ RunTime:0.001126s ]
INFO: [ route_check ] --END-- [ RunTime:0.001268s ]
INFO: [ app_begin ] --START--
INFO: Run ReadHtmlCache Behavior [ RunTime:0.000669s ]
INFO: [ app_begin ] --END-- [ RunTime:0.000768s ]
NOTIC: [8] A session had already been started - ignoring session_start() C:\wamp\www\jianzhishidai\ThinkPHP\Common\functions.php 第 566 行.
ERR: 无法加载模块:pagead

[ 2015-06-26T23:14:05+08:00 ] 127.0.0.1 /pagead/imgad?id=CICAgKCN79OuHBCsAhj6ATII3gkIJ4HV5s8
INFO: [ route_check ] --START--
INFO: Run CheckRoute Behavior [ RunTime:0.001769s ]
INFO: [ route_check ] --END-- [ RunTime:0.001970s ]
INFO: [ app_begin ] --START--
INFO: Run ReadHtmlCache Behavior [ RunTime:0.001428s ]
INFO: [ app_begin ] --END-- [ RunTime:0.001534s ]
NOTIC: [8] A session had already been started - ignoring session_start() C:\wamp\www\jianzhishidai\ThinkPHP\Common\functions.php 第 566 行.
ERR: 无法加载模块:pagead

[ 2015-06-26T23:14:05+08:00 ] 127.0.0.1 /pagead/js/r20150623/r20110914/abg.js
INFO: [ route_check ] --START--
INFO: Run CheckRoute Behavior [ RunTime:0.000942s ]
INFO: [ route_check ] --END-- [ RunTime:0.001068s ]
INFO: [ app_begin ] --START--
INFO: Run ReadHtmlCache Behavior [ RunTime:0.000885s ]
INFO: [ app_begin ] --END-- [ RunTime:0.000979s ]
NOTIC: [8] A session had already been started - ignoring session_start() C:\wamp\www\jianzhishidai\ThinkPHP\Common\functions.php 第 566 行.
ERR: 无法加载模块:pagead

[ 2015-06-26T23:14:05+08:00 ] 127.0.0.1 /pagead/imgad?id=CICAgKDTyPDWIBCsAhj6ATII5oLCrC_IIvI
INFO: [ route_check ] --START--
INFO: Run CheckRoute Behavior [ RunTime:0.000938s ]
INFO: [ route_check ] --END-- [ RunTime:0.001070s ]
INFO: [ app_begin ] --START--
INFO: Run ReadHtmlCache Behavior [ RunTime:0.000642s ]
INFO: [ app_begin ] --END-- [ RunTime:0.000737s ]
NOTIC: [8] A session had already been started - ignoring session_start() C:\wamp\www\jianzhishidai\ThinkPHP\Common\functions.php 第 566 行.
ERR: 无法加载模块:pagead

[ 2015-06-26T23:14:05+08:00 ] 127.0.0.1 /pagead/images/google-logo.png
INFO: [ route_check ] --START--
INFO: Run CheckRoute Behavior [ RunTime:0.000940s ]
INFO: [ route_check ] --END-- [ RunTime:0.001063s ]
INFO: [ app_begin ] --START--
INFO: Run ReadHtmlCache Behavior [ RunTime:0.000632s ]
INFO: [ app_begin ] --END-- [ RunTime:0.000722s ]
NOTIC: [8] A session had already been started - ignoring session_start() C:\wamp\www\jianzhishidai\ThinkPHP\Common\functions.php 第 566 行.
ERR: 无法加载模块:pagead

[ 2015-06-26T23:14:05+08:00 ] 127.0.0.1 /pagead/images/nessie_icon_tiamat_white.png
INFO: [ route_check ] --START--
INFO: Run CheckRoute Behavior [ RunTime:0.001166s ]
INFO: [ route_check ] --END-- [ RunTime:0.001397s ]
INFO: [ app_begin ] --START--
INFO: Run ReadHtmlCache Behavior [ RunTime:0.000646s ]
INFO: [ app_begin ] --END-- [ RunTime:0.000749s ]
NOTIC: [8] A session had already been started - ignoring session_start() C:\wamp\www\jianzhishidai\ThinkPHP\Common\functions.php 第 566 行.
ERR: 无法加载模块:pagead

[ 2015-06-26T23:14:06+08:00 ] 127.0.0.1 /pagead/images/x_button_blue2.png
INFO: [ route_check ] --START--
INFO: Run CheckRoute Behavior [ RunTime:0.001024s ]
INFO: [ route_check ] --END-- [ RunTime:0.001162s ]
INFO: [ app_begin ] --START--
INFO: Run ReadHtmlCache Behavior [ RunTime:0.000661s ]
INFO: [ app_begin ] --END-- [ RunTime:0.000762s ]
NOTIC: [8] A session had already been started - ignoring session_start() C:\wamp\www\jianzhishidai\ThinkPHP\Common\functions.php 第 566 行.
ERR: 无法加载模块:pagead

[ 2015-06-26T23:14:31+08:00 ] 127.0.0.1 /pagead/images/nessie_icon_tiamat_white.png
INFO: [ route_check ] --START--
INFO: Run CheckRoute Behavior [ RunTime:0.000971s ]
INFO: [ route_check ] --END-- [ RunTime:0.001103s ]
INFO: [ app_begin ] --START--
INFO: Run ReadHtmlCache Behavior [ RunTime:0.000647s ]
INFO: [ app_begin ] --END-- [ RunTime:0.000740s ]
NOTIC: [8] A session had already been started - ignoring session_start() C:\wamp\www\jianzhishidai\ThinkPHP\Common\functions.php 第 566 行.
ERR: 无法加载模块:pagead

[ 2015-06-26T23:14:31+08:00 ] 127.0.0.1 /pagead/js/r20150623/r20110914/abg.js
INFO: [ route_check ] --START--
INFO: Run CheckRoute Behavior [ RunTime:0.000948s ]
INFO: [ route_check ] --END-- [ RunTime:0.001076s ]
INFO: [ app_begin ] --START--
INFO: Run ReadHtmlCache Behavior [ RunTime:0.000646s ]
INFO: [ app_begin ] --END-- [ RunTime:0.000739s ]
NOTIC: [8] A session had already been started - ignoring session_start() C:\wamp\www\jianzhishidai\ThinkPHP\Common\functions.php 第 566 行.
ERR: 无法加载模块:pagead

[ 2015-06-26T23:14:31+08:00 ] 127.0.0.1 /pagead/images/google-logo.png
INFO: [ route_check ] --START--
INFO: Run CheckRoute Behavior [ RunTime:0.001092s ]
INFO: [ route_check ] --END-- [ RunTime:0.001234s ]
INFO: [ app_begin ] --START--
INFO: Run ReadHtmlCache Behavior [ RunTime:0.000689s ]
INFO: [ app_begin ] --END-- [ RunTime:0.000788s ]
NOTIC: [8] A session had already been started - ignoring session_start() C:\wamp\www\jianzhishidai\ThinkPHP\Common\functions.php 第 566 行.
ERR: 无法加载模块:pagead

[ 2015-06-26T23:14:32+08:00 ] 127.0.0.1 /pagead/images/x_button_blue2.png
INFO: [ route_check ] --START--
INFO: Run CheckRoute Behavior [ RunTime:0.001082s ]
INFO: [ route_check ] --END-- [ RunTime:0.001219s ]
INFO: [ app_begin ] --START--
INFO: Run ReadHtmlCache Behavior [ RunTime:0.000663s ]
INFO: [ app_begin ] --END-- [ RunTime:0.000770s ]
NOTIC: [8] A session had already been started - ignoring session_start() C:\wamp\www\jianzhishidai\ThinkPHP\Common\functions.php 第 566 行.
ERR: 无法加载模块:pagead

[ 2015-06-26T23:14:32+08:00 ] 127.0.0.1 /pagead/js/r20150623/r20110914/abg.js
INFO: [ route_check ] --START--
INFO: Run CheckRoute Behavior [ RunTime:0.000968s ]
INFO: [ route_check ] --END-- [ RunTime:0.001098s ]
INFO: [ app_begin ] --START--
INFO: Run ReadHtmlCache Behavior [ RunTime:0.000666s ]
INFO: [ app_begin ] --END-- [ RunTime:0.000762s ]
NOTIC: [8] A session had already been started - ignoring session_start() C:\wamp\www\jianzhishidai\ThinkPHP\Common\functions.php 第 566 行.
ERR: 无法加载模块:pagead

[ 2015-06-26T23:14:32+08:00 ] 127.0.0.1 /pagead/images/google-logo.png
INFO: [ route_check ] --START--
INFO: Run CheckRoute Behavior [ RunTime:0.000981s ]
INFO: [ route_check ] --END-- [ RunTime:0.001110s ]
INFO: [ app_begin ] --START--
INFO: Run ReadHtmlCache Behavior [ RunTime:0.000654s ]
INFO: [ app_begin ] --END-- [ RunTime:0.000746s ]
NOTIC: [8] A session had already been started - ignoring session_start() C:\wamp\www\jianzhishidai\ThinkPHP\Common\functions.php 第 566 行.
ERR: 无法加载模块:pagead

[ 2015-06-26T23:14:32+08:00 ] 127.0.0.1 /pagead/imgad?id=CICAgKCTsanRdhCsAhj6ATIItO6_zvKylFk
INFO: [ route_check ] --START--
INFO: Run CheckRoute Behavior [ RunTime:0.001030s ]
INFO: [ route_check ] --END-- [ RunTime:0.001168s ]
INFO: [ app_begin ] --START--
INFO: Run ReadHtmlCache Behavior [ RunTime:0.000639s ]
INFO: [ app_begin ] --END-- [ RunTime:0.000732s ]
NOTIC: [8] A session had already been started - ignoring session_start() C:\wamp\www\jianzhishidai\ThinkPHP\Common\functions.php 第 566 行.
ERR: 无法加载模块:pagead

[ 2015-06-26T23:14:32+08:00 ] 127.0.0.1 /pagead/images/nessie_icon_tiamat_white.png
INFO: [ route_check ] --START--
INFO: Run CheckRoute Behavior [ RunTime:0.002305s ]
INFO: [ route_check ] --END-- [ RunTime:0.002473s ]
INFO: [ app_begin ] --START--
INFO: Run ReadHtmlCache Behavior [ RunTime:0.000716s ]
INFO: [ app_begin ] --END-- [ RunTime:0.000825s ]
NOTIC: [8] A session had already been started - ignoring session_start() C:\wamp\www\jianzhishidai\ThinkPHP\Common\functions.php 第 566 行.
ERR: 无法加载模块:pagead

[ 2015-06-26T23:14:32+08:00 ] 127.0.0.1 /pagead/images/x_button_blue2.png
INFO: [ route_check ] --START--
INFO: Run CheckRoute Behavior [ RunTime:0.001103s ]
INFO: [ route_check ] --END-- [ RunTime:0.001245s ]
INFO: [ app_begin ] --START--
INFO: Run ReadHtmlCache Behavior [ RunTime:0.000697s ]
INFO: [ app_begin ] --END-- [ RunTime:0.000800s ]
NOTIC: [8] A session had already been started - ignoring session_start() C:\wamp\www\jianzhishidai\ThinkPHP\Common\functions.php 第 566 行.
ERR: 无法加载模块:pagead

[ 2015-06-26T23:14:33+08:00 ] 127.0.0.1 /pagead/js/r20150623/r20110914/abg.js
INFO: [ route_check ] --START--
INFO: Run CheckRoute Behavior [ RunTime:0.001006s ]
INFO: [ route_check ] --END-- [ RunTime:0.001144s ]
INFO: [ app_begin ] --START--
INFO: Run ReadHtmlCache Behavior [ RunTime:0.000674s ]
INFO: [ app_begin ] --END-- [ RunTime:0.000772s ]
NOTIC: [8] A session had already been started - ignoring session_start() C:\wamp\www\jianzhishidai\ThinkPHP\Common\functions.php 第 566 行.
ERR: 无法加载模块:pagead

[ 2015-06-26T23:14:33+08:00 ] 127.0.0.1 /pagead/images/nessie_icon_tiamat_white.png
INFO: [ route_check ] --START--
INFO: Run CheckRoute Behavior [ RunTime:0.001048s ]
INFO: [ route_check ] --END-- [ RunTime:0.001190s ]
INFO: [ app_begin ] --START--
INFO: Run ReadHtmlCache Behavior [ RunTime:0.000663s ]
INFO: [ app_begin ] --END-- [ RunTime:0.000763s ]
NOTIC: [8] A session had already been started - ignoring session_start() C:\wamp\www\jianzhishidai\ThinkPHP\Common\functions.php 第 566 行.
ERR: 无法加载模块:pagead

[ 2015-06-26T23:14:33+08:00 ] 127.0.0.1 /pagead/images/google-logo.png
INFO: [ route_check ] --START--
INFO: Run CheckRoute Behavior [ RunTime:0.000964s ]
INFO: [ route_check ] --END-- [ RunTime:0.001186s ]
INFO: [ app_begin ] --START--
INFO: Run ReadHtmlCache Behavior [ RunTime:0.000639s ]
INFO: [ app_begin ] --END-- [ RunTime:0.000731s ]
NOTIC: [8] A session had already been started - ignoring session_start() C:\wamp\www\jianzhishidai\ThinkPHP\Common\functions.php 第 566 行.
ERR: 无法加载模块:pagead

[ 2015-06-26T23:14:33+08:00 ] 127.0.0.1 /pagead/imgad?id=CICAgKCN79OunAEQ2AUYWjIILmbtPVRz2ro
INFO: [ route_check ] --START--
INFO: Run CheckRoute Behavior [ RunTime:0.001157s ]
INFO: [ route_check ] --END-- [ RunTime:0.001304s ]
INFO: [ app_begin ] --START--
INFO: Run ReadHtmlCache Behavior [ RunTime:0.001888s ]
INFO: [ app_begin ] --END-- [ RunTime:0.002194s ]
NOTIC: [8] A session had already been started - ignoring session_start() C:\wamp\www\jianzhishidai\ThinkPHP\Common\functions.php 第 566 行.
ERR: 无法加载模块:pagead

[ 2015-06-26T23:14:33+08:00 ] 127.0.0.1 /pagead/images/x_button_blue2.png
INFO: [ route_check ] --START--
INFO: Run CheckRoute Behavior [ RunTime:0.000966s ]
INFO: [ route_check ] --END-- [ RunTime:0.001100s ]
INFO: [ app_begin ] --START--
INFO: Run ReadHtmlCache Behavior [ RunTime:0.000681s ]
INFO: [ app_begin ] --END-- [ RunTime:0.000779s ]
NOTIC: [8] A session had already been started - ignoring session_start() C:\wamp\www\jianzhishidai\ThinkPHP\Common\functions.php 第 566 行.
ERR: 无法加载模块:pagead

[ 2015-06-26T23:14:34+08:00 ] 127.0.0.1 /pagead/imgad?id=CICAgKDT9dGFfBDYBRhaMghBjN5huwAuRw
INFO: [ route_check ] --START--
INFO: Run CheckRoute Behavior [ RunTime:0.001004s ]
INFO: [ route_check ] --END-- [ RunTime:0.001134s ]
INFO: [ app_begin ] --START--
INFO: Run ReadHtmlCache Behavior [ RunTime:0.001516s ]
INFO: [ app_begin ] --END-- [ RunTime:0.001623s ]
NOTIC: [8] A session had already been started - ignoring session_start() C:\wamp\www\jianzhishidai\ThinkPHP\Common\functions.php 第 566 行.
ERR: 无法加载模块:pagead

[ 2015-06-26T23:14:34+08:00 ] 127.0.0.1 /pagead/imgad?id=CICAgKCT0fb3MhCsAhj6ATIIa6k6JC6nEuo
INFO: [ route_check ] --START--
INFO: Run CheckRoute Behavior [ RunTime:0.000998s ]
INFO: [ route_check ] --END-- [ RunTime:0.001135s ]
INFO: [ app_begin ] --START--
INFO: Run ReadHtmlCache Behavior [ RunTime:0.000667s ]
INFO: [ app_begin ] --END-- [ RunTime:0.000769s ]
NOTIC: [8] A session had already been started - ignoring session_start() C:\wamp\www\jianzhishidai\ThinkPHP\Common\functions.php 第 566 行.
ERR: 无法加载模块:pagead

